# JRE version: OpenJDK Runtime Environment OpenLogic-OpenJDK (17.0.13+11) (build 17.0.13+11-adhoc..jdk17u)
# Java VM: OpenJDK 64-Bit Server VM OpenLogic-OpenJDK (17.0.13+11-adhoc..jdk17u, mixed mode, sharing, tiered, compressed oops, compressed class ptrs, g1 gc, windows-amd64)
GC Precious Log:
 CPUs: 8 total, 8 available
 Memory: 7834M
 Large Page Support: Disabled
 NUMA Support: Disabled
 Compressed Oops: Enabled (32-bit)
 Heap Region Size: 1M
 Heap Min Capacity: 8M
 Heap Initial Capacity: 124M
 Heap Max Capacity: 2G
 Pre-touch: Disabled
 Parallel Workers: 8
 Concurrent Workers: 2
 Concurrent Refinement Workers: 8
 Periodic GC: Disabled
Heap:
 garbage-first heap   total 162816K, used 84611K [0x0000000080000000, 0x0000000100000000)
  region size 1024K, 22 young (22528K), 4 survivors (4096K)
 Metaspace       used 71691K, committed 72448K, reserved 491520K
  class space    used 10013K, committed 10368K, reserved 425984K
GC Heap History (20 events):
Event: 41.991 GC heap before
{Heap before GC invocations=20 (full 0):
 garbage-first heap   total 91136K, used 74162K [0x0000000080000000, 0x0000000100000000)
  region size 1024K, 32 young (32768K), 3 survivors (3072K)
 Metaspace       used 60121K, committed 60736K, reserved 491520K
  class space    used 8353K, committed 8640K, reserved 425984K
}
Event: 42.004 GC heap after
{Heap after GC invocations=21 (full 0):
 garbage-first heap   total 91136K, used 46678K [0x0000000080000000, 0x0000000100000000)
  region size 1024K, 4 young (4096K), 4 survivors (4096K)
 Metaspace       used 60121K, committed 60736K, reserved 491520K
  class space    used 8353K, committed 8640K, reserved 425984K
}
Event: 43.369 GC heap before
{Heap before GC invocations=22 (full 0):
 garbage-first heap   total 91136K, used 73302K [0x0000000080000000, 0x0000000100000000)
  region size 1024K, 31 young (31744K), 4 survivors (4096K)
 Metaspace       used 60509K, committed 61120K, reserved 491520K
  class space    used 8367K, committed 8640K, reserved 425984K
}
Event: 43.387 GC heap after
{Heap after GC invocations=23 (full 0):
 garbage-first heap   total 91136K, used 49654K [0x0000000080000000, 0x0000000100000000)
  region size 1024K, 4 young (4096K), 4 survivors (4096K)
 Metaspace       used 60509K, committed 61120K, reserved 491520K
  class space    used 8367K, committed 8640K, reserved 425984K
}
Event: 44.060 GC heap before
{Heap before GC invocations=23 (full 0):
 garbage-first heap   total 91136K, used 56822K [0x0000000080000000, 0x0000000100000000)
  region size 1024K, 12 young (12288K), 4 survivors (4096K)
 Metaspace       used 61088K, committed 61760K, reserved 491520K
  class space    used 8442K, committed 8768K, reserved 425984K
}
Event: 44.069 GC heap after
{Heap after GC invocations=24 (full 0):
 garbage-first heap   total 91136K, used 50450K [0x0000000080000000, 0x0000000100000000)
  region size 1024K, 2 young (2048K), 2 survivors (2048K)
 Metaspace       used 61088K, committed 61760K, reserved 491520K
  class space    used 8442K, committed 8768K, reserved 425984K
}
Event: 46.081 GC heap before
{Heap before GC invocations=25 (full 0):
 garbage-first heap   total 91136K, used 79122K [0x0000000080000000, 0x0000000100000000)
  region size 1024K, 24 young (24576K), 2 survivors (2048K)
 Metaspace       used 63352K, committed 64064K, reserved 491520K
  class space    used 8734K, committed 9088K, reserved 425984K
}
Event: 46.087 GC heap after
{Heap after GC invocations=26 (full 0):
 garbage-first heap   total 91136K, used 59771K [0x0000000080000000, 0x0000000100000000)
  region size 1024K, 3 young (3072K), 3 survivors (3072K)
 Metaspace       used 63352K, committed 64064K, reserved 491520K
  class space    used 8734K, committed 9088K, reserved 425984K
}
Event: 46.118 GC heap before
{Heap before GC invocations=26 (full 0):
 garbage-first heap   total 91136K, used 60795K [0x0000000080000000, 0x0000000100000000)
  region size 1024K, 4 young (4096K), 3 survivors (3072K)
 Metaspace       used 63408K, committed 64128K, reserved 491520K
  class space    used 8747K, committed 9088K, reserved 425984K
}
Event: 46.121 GC heap after
{Heap after GC invocations=27 (full 0):
 garbage-first heap   total 91136K, used 59622K [0x0000000080000000, 0x0000000100000000)
  region size 1024K, 1 young (1024K), 1 survivors (1024K)
 Metaspace       used 63408K, committed 64128K, reserved 491520K
  class space    used 8747K, committed 9088K, reserved 425984K
}
Event: 46.777 GC heap before
{Heap before GC invocations=27 (full 0):
 garbage-first heap   total 91136K, used 74982K [0x0000000080000000, 0x0000000100000000)
  region size 1024K, 16 young (16384K), 1 survivors (1024K)
 Metaspace       used 64445K, committed 65216K, reserved 491520K
  class space    used 8921K, committed 9280K, reserved 425984K
}
Event: 46.781 GC heap after
{Heap after GC invocations=28 (full 0):
 garbage-first heap   total 91136K, used 59809K [0x0000000080000000, 0x0000000100000000)
  region size 1024K, 1 young (1024K), 1 survivors (1024K)
 Metaspace       used 64445K, committed 65216K, reserved 491520K
  class space    used 8921K, committed 9280K, reserved 425984K
}
Event: 47.451 GC heap before
{Heap before GC invocations=29 (full 0):
 garbage-first heap   total 102400K, used 75169K [0x0000000080000000, 0x0000000100000000)
  region size 1024K, 16 young (16384K), 1 survivors (1024K)
 Metaspace       used 65524K, committed 66240K, reserved 491520K
  class space    used 9070K, committed 9408K, reserved 425984K
}
Event: 47.455 GC heap after
{Heap after GC invocations=30 (full 0):
 garbage-first heap   total 102400K, used 60601K [0x0000000080000000, 0x0000000100000000)
  region size 1024K, 2 young (2048K), 2 survivors (2048K)
 Metaspace       used 65524K, committed 66240K, reserved 491520K
  class space    used 9070K, committed 9408K, reserved 425984K
}
Event: 47.535 GC heap before
{Heap before GC invocations=30 (full 0):
 garbage-first heap   total 102400K, used 63673K [0x0000000080000000, 0x0000000100000000)
  region size 1024K, 5 young (5120K), 2 survivors (2048K)
 Metaspace       used 65749K, committed 66496K, reserved 491520K
  class space    used 9092K, committed 9472K, reserved 425984K
}
Event: 47.543 GC heap after
{Heap after GC invocations=31 (full 0):
 garbage-first heap   total 102400K, used 60287K [0x0000000080000000, 0x0000000100000000)
  region size 1024K, 1 young (1024K), 1 survivors (1024K)
 Metaspace       used 65749K, committed 66496K, reserved 491520K
  class space    used 9092K, committed 9472K, reserved 425984K
}
Event: 48.765 GC heap before
{Heap before GC invocations=31 (full 0):
 garbage-first heap   total 102400K, used 83839K [0x0000000080000000, 0x0000000100000000)
  region size 1024K, 24 young (24576K), 1 survivors (1024K)
 Metaspace       used 67696K, committed 68416K, reserved 491520K
  class space    used 9391K, committed 9728K, reserved 425984K
}
Event: 48.769 GC heap after
{Heap after GC invocations=32 (full 0):
 garbage-first heap   total 162816K, used 60883K [0x0000000080000000, 0x0000000100000000)
  region size 1024K, 1 young (1024K), 1 survivors (1024K)
 Metaspace       used 67696K, committed 68416K, reserved 491520K
  class space    used 9391K, committed 9728K, reserved 425984K
}
Event: 52.295 GC heap before
{Heap before GC invocations=32 (full 0):
 garbage-first heap   total 162816K, used 123347K [0x0000000080000000, 0x0000000100000000)
  region size 1024K, 59 young (60416K), 1 survivors (1024K)
 Metaspace       used 71285K, committed 72064K, reserved 491520K
  class space    used 9954K, committed 10304K, reserved 425984K
}
Event: 52.303 GC heap after
{Heap after GC invocations=33 (full 0):
 garbage-first heap   total 162816K, used 67203K [0x0000000080000000, 0x0000000100000000)
  region size 1024K, 4 young (4096K), 4 survivors (4096K)
 Metaspace       used 71285K, committed 72064K, reserved 491520K
  class space    used 9954K, committed 10304K, reserved 425984K
}

