TN:
SF:app/_layout.tsx
FN:31,RootLayout
FN:46,(anonymous_1)
FN:75,(anonymous_2)
FN:81,(anonymous_3)
FN:105,(anonymous_4)
FN:120,(anonymous_5)
FN:141,(anonymous_6)
FN:164,(anonymous_7)
FN:172,(anonymous_8)
FN:174,(anonymous_9)
FN:210,(anonymous_10)
FN:238,(anonymous_11)
FNF:12
FNH:0
FNDA:0,RootLayout
FNDA:0,(anonymous_1)
FNDA:0,(anonymous_2)
FNDA:0,(anonymous_3)
FNDA:0,(anonymous_4)
FNDA:0,(anonymous_5)
FNDA:0,(anonymous_6)
FNDA:0,(anonymous_7)
FNDA:0,(anonymous_8)
FNDA:0,(anonymous_9)
FNDA:0,(anonymous_10)
FNDA:0,(anonymous_11)
DA:27,0
DA:29,0
DA:32,0
DA:34,0
DA:36,0
DA:46,0
DA:47,0
DA:48,0
DA:50,0
DA:53,0
DA:54,0
DA:55,0
DA:56,0
DA:59,0
DA:60,0
DA:62,0
DA:68,0
DA:74,0
DA:75,0
DA:76,0
DA:77,0
DA:78,0
DA:80,0
DA:81,0
DA:82,0
DA:83,0
DA:88,0
DA:89,0
DA:94,0
DA:97,0
DA:98,0
DA:103,0
DA:104,0
DA:105,0
DA:106,0
DA:112,0
DA:116,0
DA:117,0
DA:118,0
DA:119,0
DA:120,0
DA:121,0
DA:127,0
DA:130,0
DA:137,0
DA:138,0
DA:139,0
DA:140,0
DA:141,0
DA:142,0
DA:148,0
DA:151,0
DA:158,0
DA:159,0
DA:164,0
DA:165,0
DA:166,0
DA:167,0
DA:172,0
DA:173,0
DA:174,0
DA:175,0
DA:176,0
DA:184,0
DA:188,0
DA:189,0
DA:190,0
DA:193,0
DA:195,0
DA:196,0
DA:198,0
DA:201,0
DA:204,0
DA:208,0
DA:210,0
DA:211,0
DA:212,0
DA:213,0
DA:214,0
DA:219,0
DA:220,0
DA:221,0
DA:234,0
DA:236,0
DA:239,0
LF:85
LH:0
BRDA:48,0,0,0
BRDA:48,0,1,0
BRDA:48,1,0,0
BRDA:48,1,1,0
BRDA:82,2,0,0
BRDA:82,2,1,0
BRDA:84,3,0,0
BRDA:84,3,1,0
BRDA:84,4,0,0
BRDA:84,4,1,0
BRDA:88,5,0,0
BRDA:88,5,1,0
BRDA:119,6,0,0
BRDA:119,6,1,0
BRDA:140,7,0,0
BRDA:140,7,1,0
BRDA:158,8,0,0
BRDA:158,8,1,0
BRDA:176,9,0,0
BRDA:176,9,1,0
BRDA:177,10,0,0
BRDA:177,10,1,0
BRDA:177,10,2,0
BRDA:180,11,0,0
BRDA:180,11,1,0
BRDA:189,12,0,0
BRDA:189,12,1,0
BRDA:204,13,0,0
BRDA:204,13,1,0
BRDA:211,14,0,0
BRDA:211,14,1,0
BRDA:219,15,0,0
BRDA:219,15,1,0
BRDA:219,16,0,0
BRDA:219,16,1,0
BRF:35
BRH:0
end_of_record
TN:
SF:app/index.tsx
FN:12,(anonymous_0)
FN:27,(anonymous_1)
FN:31,(anonymous_2)
FN:45,(anonymous_3)
FN:94,(anonymous_4)
FN:129,(anonymous_5)
FN:177,(anonymous_6)
FNF:7
FNH:0
FNDA:0,(anonymous_0)
FNDA:0,(anonymous_1)
FNDA:0,(anonymous_2)
FNDA:0,(anonymous_3)
FNDA:0,(anonymous_4)
FNDA:0,(anonymous_5)
FNDA:0,(anonymous_6)
DA:12,0
DA:13,0
DA:15,0
DA:16,0
DA:19,0
DA:22,0
DA:24,0
DA:25,0
DA:27,0
DA:28,0
DA:31,0
DA:32,0
DA:33,0
DA:34,0
DA:35,0
DA:37,0
DA:45,0
DA:46,0
DA:48,0
DA:51,0
DA:52,0
DA:53,0
DA:55,0
DA:57,0
DA:58,0
DA:59,0
DA:65,0
DA:66,0
DA:67,0
DA:70,0
DA:74,0
DA:75,0
DA:77,0
DA:83,0
DA:85,0
DA:86,0
DA:89,0
DA:90,0
DA:94,0
DA:95,0
DA:96,0
DA:97,0
DA:98,0
DA:100,0
DA:101,0
DA:104,0
DA:106,0
DA:109,0
DA:112,0
DA:113,0
DA:116,0
DA:118,0
DA:121,0
DA:122,0
DA:126,0
DA:129,0
DA:130,0
DA:131,0
DA:133,0
DA:134,0
DA:137,0
DA:139,0
DA:140,0
DA:141,0
DA:142,0
DA:143,0
DA:144,0
DA:145,0
DA:146,0
DA:147,0
DA:150,0
DA:152,0
DA:153,0
DA:154,0
DA:159,0
DA:160,0
DA:161,0
DA:164,0
DA:165,0
DA:168,0
DA:171,0
DA:177,0
LF:82
LH:0
BRDA:55,0,0,0
BRDA:55,0,1,0
BRDA:66,1,0,0
BRDA:66,1,1,0
BRDA:70,2,0,0
BRDA:70,2,1,0
BRDA:70,3,0,0
BRDA:70,3,1,0
BRDA:85,4,0,0
BRDA:85,4,1,0
BRDA:100,5,0,0
BRDA:100,5,1,0
BRDA:139,6,0,0
BRDA:139,6,1,0
BRDA:142,7,0,0
BRDA:142,7,1,0
BRDA:145,8,0,0
BRDA:145,8,1,0
BRDA:159,9,0,0
BRDA:159,9,1,0
BRDA:164,10,0,0
BRDA:164,10,1,0
BRF:22
BRH:0
end_of_record
TN:
SF:app/lazy-routes.tsx
FN:5,(anonymous_0)
FN:12,withSuspense
FN:15,(anonymous_2)
FN:23,(anonymous_3)
FN:24,(anonymous_4)
FN:25,(anonymous_5)
FN:26,(anonymous_6)
FN:27,(anonymous_7)
FN:30,(anonymous_8)
FN:31,(anonymous_9)
FN:32,(anonymous_10)
FN:33,(anonymous_11)
FN:35,(anonymous_12)
FN:36,(anonymous_13)
FN:37,(anonymous_14)
FN:38,(anonymous_15)
FN:39,(anonymous_16)
FN:40,(anonymous_17)
FN:43,(anonymous_18)
FN:44,(anonymous_19)
FN:45,(anonymous_20)
FN:46,(anonymous_21)
FN:47,(anonymous_22)
FN:48,(anonymous_23)
FN:49,(anonymous_24)
FN:50,(anonymous_25)
FN:53,(anonymous_26)
FN:54,(anonymous_27)
FN:55,(anonymous_28)
FN:56,(anonymous_29)
FN:59,(anonymous_30)
FN:60,(anonymous_31)
FN:63,(anonymous_32)
FN:64,(anonymous_33)
FN:65,(anonymous_34)
FN:66,(anonymous_35)
FN:67,(anonymous_36)
FN:68,(anonymous_37)
FN:69,(anonymous_38)
FN:70,(anonymous_39)
FN:71,(anonymous_40)
FN:72,(anonymous_41)
FN:75,(anonymous_42)
FN:78,(anonymous_43)
FN:82,(anonymous_44)
FN:83,(anonymous_45)
FN:84,(anonymous_46)
FN:85,(anonymous_47)
FN:89,(anonymous_48)
FN:90,(anonymous_49)
FN:91,(anonymous_50)
FN:94,(anonymous_51)
FN:95,(anonymous_52)
FNF:53
FNH:0
FNDA:0,(anonymous_0)
FNDA:0,withSuspense
FNDA:0,(anonymous_2)
FNDA:0,(anonymous_3)
FNDA:0,(anonymous_4)
FNDA:0,(anonymous_5)
FNDA:0,(anonymous_6)
FNDA:0,(anonymous_7)
FNDA:0,(anonymous_8)
FNDA:0,(anonymous_9)
FNDA:0,(anonymous_10)
FNDA:0,(anonymous_11)
FNDA:0,(anonymous_12)
FNDA:0,(anonymous_13)
FNDA:0,(anonymous_14)
FNDA:0,(anonymous_15)
FNDA:0,(anonymous_16)
FNDA:0,(anonymous_17)
FNDA:0,(anonymous_18)
FNDA:0,(anonymous_19)
FNDA:0,(anonymous_20)
FNDA:0,(anonymous_21)
FNDA:0,(anonymous_22)
FNDA:0,(anonymous_23)
FNDA:0,(anonymous_24)
FNDA:0,(anonymous_25)
FNDA:0,(anonymous_26)
FNDA:0,(anonymous_27)
FNDA:0,(anonymous_28)
FNDA:0,(anonymous_29)
FNDA:0,(anonymous_30)
FNDA:0,(anonymous_31)
FNDA:0,(anonymous_32)
FNDA:0,(anonymous_33)
FNDA:0,(anonymous_34)
FNDA:0,(anonymous_35)
FNDA:0,(anonymous_36)
FNDA:0,(anonymous_37)
FNDA:0,(anonymous_38)
FNDA:0,(anonymous_39)
FNDA:0,(anonymous_40)
FNDA:0,(anonymous_41)
FNDA:0,(anonymous_42)
FNDA:0,(anonymous_43)
FNDA:0,(anonymous_44)
FNDA:0,(anonymous_45)
FNDA:0,(anonymous_46)
FNDA:0,(anonymous_47)
FNDA:0,(anonymous_48)
FNDA:0,(anonymous_49)
FNDA:0,(anonymous_50)
FNDA:0,(anonymous_51)
FNDA:0,(anonymous_52)
DA:5,0
DA:6,0
DA:13,0
DA:15,0
DA:16,0
DA:23,0
DA:24,0
DA:25,0
DA:26,0
DA:27,0
DA:30,0
DA:31,0
DA:32,0
DA:33,0
DA:35,0
DA:36,0
DA:37,0
DA:38,0
DA:39,0
DA:40,0
DA:43,0
DA:44,0
DA:45,0
DA:46,0
DA:47,0
DA:48,0
DA:49,0
DA:50,0
DA:53,0
DA:54,0
DA:55,0
DA:56,0
DA:59,0
DA:60,0
DA:63,0
DA:64,0
DA:65,0
DA:66,0
DA:67,0
DA:68,0
DA:69,0
DA:70,0
DA:71,0
DA:72,0
DA:75,0
DA:78,0
DA:82,0
DA:83,0
DA:84,0
DA:85,0
DA:89,0
DA:90,0
DA:91,0
DA:94,0
DA:95,0
LF:55
LH:0
BRDA:16,0,0,0
BRDA:16,0,1,0
BRF:2
BRH:0
end_of_record
TN:
SF:app/(api)/driver+api.ts
FN:3,GET
FNF:1
FNH:0
FNDA:0,GET
DA:4,0
DA:5,0
DA:6,0
DA:8,0
DA:9,0
DA:16,0
DA:17,0
DA:18,0
DA:53,0
DA:56,0
DA:58,0
DA:61,0
DA:62,0
DA:75,0
LF:14
LH:0
BRDA:16,0,0,0
BRDA:16,0,1,0
BRDA:16,1,0,0
BRDA:16,1,1,0
BRF:4
BRH:0
end_of_record
TN:
SF:app/(api)/user+api.ts
FN:3,POST
FNF:1
FNH:0
FNDA:0,POST
DA:4,0
DA:5,0
DA:6,0
DA:8,0
DA:9,0
DA:15,0
DA:27,0
DA:31,0
DA:32,0
LF:9
LH:0
BRDA:8,0,0,0
BRDA:8,0,1,0
BRDA:8,1,0,0
BRDA:8,1,1,0
BRDA:8,1,2,0
BRF:5
BRH:0
end_of_record
TN:
SF:app/(api)/(stripe)/create+api.ts
FN:5,POST
FNF:1
FNH:0
FNDA:0,POST
DA:3,0
DA:6,0
DA:7,0
DA:9,0
DA:10,0
DA:16,0
DA:20,0
DA:21,0
DA:23,0
DA:28,0
DA:31,0
DA:36,0
DA:46,0
LF:13
LH:0
BRDA:9,0,0,0
BRDA:9,0,1,0
BRDA:9,1,0,0
BRDA:9,1,1,0
BRDA:9,1,2,0
BRDA:20,2,0,0
BRDA:20,2,1,0
BRF:7
BRH:0
end_of_record
TN:
SF:app/(api)/(stripe)/pay+api.ts
FN:5,POST
FNF:1
FNH:0
FNDA:0,POST
DA:3,0
DA:6,0
DA:7,0
DA:9,0
DA:11,0
DA:12,0
DA:18,0
DA:23,0
DA:27,0
DA:35,0
DA:36,0
LF:11
LH:0
BRDA:11,0,0,0
BRDA:11,0,1,0
BRDA:11,1,0,0
BRDA:11,1,1,0
BRDA:11,1,2,0
BRF:5
BRH:0
end_of_record
TN:
SF:app/(api)/chat/[rideId]/messages+api.ts
FN:3,GET
FN:33,POST
FNF:2
FNH:0
FNDA:0,GET
FNDA:0,POST
DA:4,0
DA:5,0
DA:7,0
DA:8,0
DA:11,0
DA:26,0
DA:28,0
DA:29,0
DA:34,0
DA:35,0
DA:36,0
DA:38,0
DA:39,0
DA:45,0
DA:59,0
DA:63,0
DA:64,0
LF:17
LH:0
BRDA:7,0,0,0
BRDA:7,0,1,0
BRDA:38,1,0,0
BRDA:38,1,1,0
BRDA:38,2,0,0
BRDA:38,2,1,0
BRDA:38,2,2,0
BRF:7
BRH:0
end_of_record
TN:
SF:app/(api)/driver/documents+api.ts
FN:3,POST
FNF:1
FNH:0
FNDA:0,POST
DA:4,0
DA:5,0
DA:6,0
DA:8,0
DA:9,0
DA:15,0
DA:29,0
DA:33,0
DA:34,0
LF:9
LH:0
BRDA:8,0,0,0
BRDA:8,0,1,0
BRDA:8,1,0,0
BRDA:8,1,1,0
BRDA:8,1,2,0
BRF:5
BRH:0
end_of_record
TN:
SF:app/(api)/driver/index+api.ts
FN:3,GET
FN:94,(anonymous_1)
FNF:2
FNH:0
FNDA:0,GET
FNDA:0,(anonymous_1)
DA:4,0
DA:5,0
DA:8,0
DA:9,0
DA:10,0
DA:11,0
DA:12,0
DA:13,0
DA:15,0
DA:24,0
DA:25,0
DA:28,0
DA:29,0
DA:30,0
DA:34,0
DA:35,0
DA:36,0
DA:37,0
DA:41,0
DA:42,0
DA:43,0
DA:56,0
DA:60,0
DA:84,0
DA:89,0
DA:91,0
DA:94,0
DA:112,0
DA:129,0
DA:131,0
DA:132,0
LF:31
LH:0
BRDA:9,0,0,0
BRDA:9,0,1,0
BRDA:13,1,0,0
BRDA:13,1,1,0
BRDA:28,2,0,0
BRDA:28,2,1,0
BRDA:34,3,0,0
BRDA:34,3,1,0
BRDA:37,4,0,0
BRDA:37,4,1,0
BRDA:41,5,0,0
BRDA:41,5,1,0
BRDA:41,6,0,0
BRDA:41,6,1,0
BRDA:103,7,0,0
BRDA:103,7,1,0
BRDA:106,8,0,0
BRDA:106,8,1,0
BRDA:117,9,0,0
BRDA:117,9,1,0
BRDA:119,10,0,0
BRDA:119,10,1,0
BRDA:119,11,0,0
BRDA:119,11,1,0
BRF:24
BRH:0
end_of_record
TN:
SF:app/(api)/driver/register+api.ts
FN:3,POST
FNF:1
FNH:0
FNDA:0,POST
DA:4,0
DA:5,0
DA:16,0
DA:18,0
DA:27,0
DA:33,0
DA:59,0
DA:63,0
DA:64,0
LF:9
LH:0
BRDA:18,0,0,0
BRDA:18,0,1,0
BRDA:19,1,0,0
BRDA:19,1,1,0
BRDA:19,1,2,0
BRDA:19,1,3,0
BRDA:19,1,4,0
BRDA:19,1,5,0
BRDA:19,1,6,0
BRDA:53,2,0,0
BRDA:53,2,1,0
BRDA:54,3,0,0
BRDA:54,3,1,0
BRF:13
BRH:0
end_of_record
TN:
SF:app/(api)/driver/ride-requests+api.ts
FN:3,GET
FNF:1
FNH:0
FNDA:0,GET
DA:4,0
DA:5,0
DA:8,0
DA:33,0
DA:35,0
DA:36,0
LF:6
LH:0
BRF:0
BRH:0
end_of_record
TN:
SF:app/(api)/driver/[driverId]/rides+api.ts
FN:3,GET
FN:129,(anonymous_1)
FN:159,(anonymous_2)
FN:162,(anonymous_3)
FN:165,(anonymous_4)
FN:170,(anonymous_5)
FN:173,(anonymous_6)
FNF:7
FNH:0
FNDA:0,GET
FNDA:0,(anonymous_1)
FNDA:0,(anonymous_2)
FNDA:0,(anonymous_3)
FNDA:0,(anonymous_4)
FNDA:0,(anonymous_5)
FNDA:0,(anonymous_6)
DA:7,0
DA:8,0
DA:11,0
DA:12,0
DA:13,0
DA:14,0
DA:15,0
DA:16,0
DA:18,0
DA:28,0
DA:29,0
DA:35,0
DA:38,0
DA:39,0
DA:40,0
DA:43,0
DA:44,0
DA:45,0
DA:46,0
DA:50,0
DA:51,0
DA:52,0
DA:53,0
DA:56,0
DA:58,0
DA:59,0
DA:60,0
DA:61,0
DA:62,0
DA:66,0
DA:72,0
DA:73,0
DA:76,0
DA:117,0
DA:119,0
DA:124,0
DA:126,0
DA:129,0
DA:158,0
DA:159,0
DA:161,0
DA:162,0
DA:164,0
DA:165,0
DA:170,0
DA:172,0
DA:173,0
DA:177,0
DA:185,0
DA:196,0
DA:198,0
DA:199,0
LF:52
LH:0
BRDA:15,0,0,0
BRDA:15,0,1,0
BRDA:16,1,0,0
BRDA:16,1,1,0
BRDA:28,2,0,0
BRDA:28,2,1,0
BRDA:28,3,0,0
BRDA:28,3,1,0
BRDA:43,4,0,0
BRDA:43,4,1,0
BRDA:50,5,0,0
BRDA:50,5,1,0
BRDA:56,6,0,0
BRDA:56,6,1,0
BRDA:137,7,0,0
BRDA:137,7,1,0
BRDA:138,8,0,0
BRDA:138,8,1,0
BRDA:144,9,0,0
BRDA:144,9,1,0
BRDA:146,10,0,0
BRDA:146,10,1,0
BRDA:170,11,0,0
BRDA:170,11,1,0
BRDA:172,12,0,0
BRDA:172,12,1,0
BRF:26
BRH:0
end_of_record
TN:
SF:app/(api)/driver/[driverId]/status+api.ts
FN:3,PUT
FNF:1
FNH:0
FNDA:0,PUT
DA:7,0
DA:8,0
DA:9,0
DA:11,0
DA:12,0
DA:19,0
DA:20,0
DA:21,0
DA:24,0
DA:31,0
DA:32,0
DA:35,0
DA:39,0
DA:40,0
LF:14
LH:0
BRDA:11,0,0,0
BRDA:11,0,1,0
BRDA:11,1,0,0
BRDA:11,1,1,0
BRDA:20,2,0,0
BRDA:20,2,1,0
BRDA:31,3,0,0
BRDA:31,3,1,0
BRF:8
BRH:0
end_of_record
TN:
SF:app/(api)/promo/apply+api.ts
FN:3,POST
FNF:1
FNH:0
FNDA:0,POST
DA:4,0
DA:5,0
DA:6,0
DA:8,0
DA:9,0
DA:15,0
DA:22,0
DA:23,0
DA:29,0
DA:30,0
DA:31,0
DA:33,0
DA:34,0
DA:35,0
DA:36,0
DA:37,0
DA:40,0
DA:42,0
DA:52,0
DA:53,0
LF:20
LH:0
BRDA:8,0,0,0
BRDA:8,0,1,0
BRDA:8,1,0,0
BRDA:8,1,1,0
BRDA:22,2,0,0
BRDA:22,2,1,0
BRDA:33,3,0,0
BRDA:33,3,1,0
BRDA:35,4,0,0
BRDA:35,4,1,0
BRF:10
BRH:0
end_of_record
TN:
SF:app/(api)/ride/[id]+api.ts
FN:3,GET
FNF:1
FNH:0
FNDA:0,GET
DA:4,0
DA:5,0
DA:7,0
DA:8,0
DA:10,0
DA:12,0
DA:49,0
DA:50,0
DA:51,0
DA:55,0
DA:56,0
DA:57,0
DA:103,0
DA:107,0
DA:109,0
DA:110,0
DA:112,0
DA:113,0
LF:18
LH:0
BRDA:4,0,0,0
BRDA:4,0,1,0
BRDA:49,1,0,0
BRDA:49,1,1,0
BRDA:50,2,0,0
BRDA:50,2,1,0
BRDA:50,3,0,0
BRDA:50,3,1,0
BRDA:55,4,0,0
BRDA:55,4,1,0
BRDA:55,5,0,0
BRDA:55,5,1,0
BRDA:107,6,0,0
BRDA:107,6,1,0
BRDA:112,7,0,0
BRDA:112,7,1,0
BRF:16
BRH:0
end_of_record
TN:
SF:app/(api)/ride/create+api.ts
FN:3,POST
FNF:1
FNH:0
FNDA:0,POST
DA:4,0
DA:5,0
DA:18,0
DA:20,0
DA:33,0
DA:39,0
DA:41,0
DA:55,0
DA:84,0
DA:86,0
DA:88,0
DA:89,0
LF:12
LH:0
BRDA:20,0,0,0
BRDA:20,0,1,0
BRDA:21,1,0,0
BRDA:21,1,1,0
BRDA:21,1,2,0
BRDA:21,1,3,0
BRDA:21,1,4,0
BRDA:21,1,5,0
BRDA:21,1,6,0
BRDA:21,1,7,0
BRDA:21,1,8,0
BRDA:21,1,9,0
BRDA:21,1,10,0
BRF:13
BRH:0
end_of_record
TN:
SF:app/(api)/ride/estimate+api.ts
FN:3,GET
FNF:1
FNH:0
FNDA:0,GET
DA:4,0
DA:5,0
DA:6,0
DA:7,0
DA:8,0
DA:10,0
DA:11,0
DA:17,0
DA:19,0
DA:23,0
DA:24,0
DA:27,0
DA:28,0
DA:29,0
DA:30,0
DA:31,0
DA:34,0
DA:36,0
DA:48,0
DA:49,0
LF:20
LH:0
BRDA:10,0,0,0
BRDA:10,0,1,0
BRDA:10,1,0,0
BRDA:10,1,1,0
BRDA:10,1,2,0
BRDA:23,2,0,0
BRDA:23,2,1,0
BRF:7
BRH:0
end_of_record
TN:
SF:app/(api)/ride/requests+api.ts
FN:3,GET
FN:82,(anonymous_1)
FN:125,calculateDistance
FNF:3
FNH:0
FNDA:0,GET
FNDA:0,(anonymous_1)
FNDA:0,calculateDistance
DA:4,0
DA:5,0
DA:8,0
DA:9,0
DA:10,0
DA:11,0
DA:13,0
DA:20,0
DA:21,0
DA:27,0
DA:28,0
DA:29,0
DA:32,0
DA:33,0
DA:35,0
DA:38,0
DA:39,0
DA:40,0
DA:41,0
DA:44,0
DA:74,0
DA:76,0
DA:78,0
DA:81,0
DA:83,0
DA:90,0
DA:91,0
DA:109,0
DA:113,0
DA:117,0
DA:119,0
DA:120,0
DA:131,0
DA:132,0
DA:133,0
DA:136,0
DA:142,0
DA:143,0
DA:145,0
LF:39
LH:0
BRDA:11,0,0,0
BRDA:11,0,1,0
BRDA:20,1,0,0
BRDA:20,1,1,0
BRDA:20,2,0,0
BRDA:20,2,1,0
BRDA:90,3,0,0
BRDA:90,3,1,0
BRDA:100,4,0,0
BRDA:100,4,1,0
BRDA:101,5,0,0
BRDA:101,5,1,0
BRF:12
BRH:0
end_of_record
TN:
SF:app/(api)/ride/schedule+api.ts
FN:3,POST
FNF:1
FNH:0
FNDA:0,POST
DA:4,0
DA:5,0
DA:17,0
DA:19,0
DA:31,0
DA:37,0
DA:40,0
DA:44,0
DA:45,0
DA:49,0
DA:50,0
DA:51,0
DA:54,0
DA:56,0
DA:87,0
DA:89,0
DA:90,0
LF:17
LH:0
BRDA:19,0,0,0
BRDA:19,0,1,0
BRDA:20,1,0,0
BRDA:20,1,1,0
BRDA:20,1,2,0
BRDA:20,1,3,0
BRDA:20,1,4,0
BRDA:20,1,5,0
BRDA:20,1,6,0
BRDA:20,1,7,0
BRDA:20,1,8,0
BRDA:20,1,9,0
BRDA:44,2,0,0
BRDA:44,2,1,0
BRF:14
BRH:0
end_of_record
TN:
SF:app/(api)/ride/[rideId]/accept+api.ts
FN:3,POST
FNF:1
FNH:0
FNDA:0,POST
DA:4,0
DA:5,0
DA:6,0
DA:8,0
DA:9,0
DA:16,0
DA:20,0
DA:21,0
DA:28,0
DA:35,0
DA:36,0
DA:42,0
DA:46,0
DA:47,0
LF:14
LH:0
BRDA:8,0,0,0
BRDA:8,0,1,0
BRDA:8,1,0,0
BRDA:8,1,1,0
BRDA:20,2,0,0
BRDA:20,2,1,0
BRDA:35,3,0,0
BRDA:35,3,1,0
BRF:8
BRH:0
end_of_record
TN:
SF:app/(api)/ride/[rideId]/cancel+api.ts
FN:3,POST
FNF:1
FNH:0
FNDA:0,POST
DA:4,0
DA:5,0
DA:6,0
DA:8,0
DA:9,0
DA:15,0
DA:16,0
DA:22,0
DA:24,0
DA:27,0
DA:41,0
DA:42,0
DA:48,0
DA:51,0
DA:54,0
DA:58,0
DA:59,0
DA:66,0
DA:77,0
DA:78,0
DA:84,0
DA:86,0
DA:93,0
DA:116,0
DA:118,0
DA:119,0
LF:26
LH:0
BRDA:8,0,0,0
BRDA:8,0,1,0
BRDA:15,1,0,0
BRDA:15,1,1,0
BRDA:41,2,0,0
BRDA:41,2,1,0
BRDA:51,3,0,0
BRDA:51,3,1,0
BRDA:58,4,0,0
BRDA:58,4,1,0
BRDA:58,5,0,0
BRDA:58,5,1,0
BRDA:71,6,0,0
BRDA:71,6,1,0
BRDA:77,7,0,0
BRDA:77,7,1,0
BRDA:89,8,0,0
BRDA:89,8,1,0
BRDA:98,9,0,0
BRDA:98,9,1,0
BRDA:100,10,0,0
BRDA:100,10,1,0
BRDA:107,11,0,0
BRDA:107,11,1,0
BRF:24
BRH:0
end_of_record
TN:
SF:app/(api)/ride/[rideId]/complete+api.ts
FN:3,POST
FNF:1
FNH:0
FNDA:0,POST
DA:4,0
DA:5,0
DA:6,0
DA:8,0
DA:9,0
DA:12,0
DA:14,0
DA:22,0
DA:39,0
DA:40,0
DA:46,0
DA:49,0
DA:51,0
DA:52,0
DA:53,0
DA:54,0
DA:56,0
DA:57,0
DA:58,0
DA:60,0
DA:74,0
DA:77,0
DA:88,0
DA:89,0
DA:95,0
DA:98,0
DA:99,0
DA:101,0
DA:110,0
DA:128,0
DA:130,0
DA:131,0
LF:32
LH:0
BRDA:8,0,0,0
BRDA:8,0,1,0
BRDA:39,1,0,0
BRDA:39,1,1,0
BRDA:51,2,0,0
BRDA:51,2,1,0
BRDA:51,3,0,0
BRDA:51,3,1,0
BRDA:52,4,0,0
BRDA:52,4,1,0
BRDA:53,5,0,0
BRDA:53,5,1,0
BRDA:54,6,0,0
BRDA:54,6,1,0
BRDA:88,7,0,0
BRDA:88,7,1,0
BRDA:106,8,0,0
BRDA:106,8,1,0
BRDA:114,9,0,0
BRDA:114,9,1,0
BRDA:115,10,0,0
BRDA:115,10,1,0
BRF:22
BRH:0
end_of_record
TN:
SF:app/(api)/ride/[rideId]/rate+api.ts
FN:3,POST
FNF:1
FNH:0
FNDA:0,POST
DA:4,0
DA:5,0
DA:7,0
DA:9,0
DA:10,0
DA:17,0
DA:18,0
DA:19,0
DA:26,0
DA:30,0
DA:31,0
DA:35,0
DA:53,0
DA:57,0
DA:58,0
LF:15
LH:0
BRDA:9,0,0,0
BRDA:9,0,1,0
BRDA:9,1,0,0
BRDA:9,1,1,0
BRDA:9,1,2,0
BRDA:9,1,3,0
BRDA:18,2,0,0
BRDA:18,2,1,0
BRDA:18,3,0,0
BRDA:18,3,1,0
BRDA:30,4,0,0
BRDA:30,4,1,0
BRDA:48,5,0,0
BRDA:48,5,1,0
BRF:14
BRH:0
end_of_record
TN:
SF:app/(api)/ride/[rideId]/start+api.ts
FN:3,POST
FNF:1
FNH:0
FNDA:0,POST
DA:4,0
DA:5,0
DA:6,0
DA:8,0
DA:9,0
DA:12,0
DA:14,0
DA:17,0
DA:33,0
DA:34,0
DA:40,0
DA:43,0
DA:53,0
DA:54,0
DA:60,0
DA:62,0
DA:65,0
DA:89,0
DA:91,0
DA:92,0
LF:20
LH:0
BRDA:8,0,0,0
BRDA:8,0,1,0
BRDA:33,1,0,0
BRDA:33,1,1,0
BRDA:53,2,0,0
BRDA:53,2,1,0
BRF:6
BRH:0
end_of_record
TN:
SF:app/(api)/safety/sos+api.ts
FN:3,POST
FNF:1
FNH:0
FNDA:0,POST
DA:4,0
DA:5,0
DA:7,0
DA:9,0
DA:10,0
DA:17,0
DA:31,0
DA:41,0
DA:43,0
DA:46,0
DA:50,0
DA:51,0
LF:12
LH:0
BRDA:9,0,0,0
BRDA:9,0,1,0
BRDA:9,1,0,0
BRDA:9,1,1,0
BRDA:36,2,0,0
BRDA:36,2,1,0
BRDA:37,3,0,0
BRDA:37,3,1,0
BRDA:41,4,0,0
BRDA:41,4,1,0
BRF:10
BRH:0
end_of_record
TN:
SF:app/(api)/user/emergency-contacts+api.ts
FN:3,GET
FN:27,POST
FNF:2
FNH:0
FNDA:0,GET
FNDA:0,POST
DA:4,0
DA:5,0
DA:6,0
DA:8,0
DA:9,0
DA:12,0
DA:14,0
DA:20,0
DA:22,0
DA:23,0
DA:28,0
DA:29,0
DA:30,0
DA:32,0
DA:33,0
DA:39,0
DA:53,0
DA:57,0
DA:58,0
LF:19
LH:0
BRDA:8,0,0,0
BRDA:8,0,1,0
BRDA:32,1,0,0
BRDA:32,1,1,0
BRDA:32,2,0,0
BRDA:32,2,1,0
BRDA:32,2,2,0
BRF:7
BRH:0
end_of_record
TN:
SF:app/(api)/user/wallet+api.ts
FN:3,GET
FN:53,POST
FNF:2
FNH:0
FNDA:0,GET
FNDA:0,POST
DA:4,0
DA:5,0
DA:6,0
DA:8,0
DA:9,0
DA:12,0
DA:15,0
DA:19,0
DA:21,0
DA:29,0
DA:41,0
DA:48,0
DA:49,0
DA:54,0
DA:55,0
DA:56,0
DA:58,0
DA:59,0
DA:66,0
DA:70,0
DA:71,0
DA:78,0
DA:79,0
DA:82,0
DA:89,0
DA:95,0
DA:99,0
DA:103,0
DA:104,0
LF:29
LH:0
BRDA:8,0,0,0
BRDA:8,0,1,0
BRDA:19,1,0,0
BRDA:19,1,1,0
BRDA:58,2,0,0
BRDA:58,2,1,0
BRDA:58,3,0,0
BRDA:58,3,1,0
BRDA:70,4,0,0
BRDA:70,4,1,0
BRDA:91,5,0,0
BRDA:91,5,1,0
BRF:12
BRH:0
end_of_record
TN:
SF:app/(auth)/_layout.tsx
FN:3,(anonymous_0)
FNF:1
FNH:0
FNDA:0,(anonymous_0)
DA:3,0
DA:4,0
DA:6,0
LF:3
LH:0
BRF:0
BRH:0
end_of_record
TN:
SF:app/(auth)/sign-in.tsx
FN:14,(anonymous_0)
FN:24,(anonymous_1)
FN:27,(anonymous_2)
FN:40,(anonymous_3)
FN:54,(anonymous_4)
FN:65,(anonymous_5)
FN:86,(anonymous_6)
FN:140,(anonymous_7)
FN:164,(anonymous_8)
FN:174,(anonymous_9)
FNF:10
FNH:0
FNDA:0,(anonymous_0)
FNDA:0,(anonymous_1)
FNDA:0,(anonymous_2)
FNDA:0,(anonymous_3)
FNDA:0,(anonymous_4)
FNDA:0,(anonymous_5)
FNDA:0,(anonymous_6)
FNDA:0,(anonymous_7)
FNDA:0,(anonymous_8)
FNDA:0,(anonymous_9)
DA:14,0
DA:15,0
DA:17,0
DA:22,0
DA:24,0
DA:25,0
DA:27,0
DA:28,0
DA:29,0
DA:30,0
DA:31,0
DA:32,0
DA:34,0
DA:37,0
DA:40,0
DA:41,0
DA:42,0
DA:43,0
DA:44,0
DA:46,0
DA:49,0
DA:52,0
DA:54,0
DA:55,0
DA:58,0
DA:59,0
DA:60,0
DA:61,0
DA:64,0
DA:66,0
DA:69,0
DA:74,0
DA:76,0
DA:77,0
DA:80,0
DA:87,0
DA:90,0
DA:91,0
DA:93,0
DA:94,0
DA:95,0
DA:98,0
DA:102,0
DA:103,0
DA:105,0
DA:106,0
DA:109,0
DA:110,0
DA:114,0
DA:115,0
DA:116,0
DA:117,0
DA:120,0
DA:122,0
DA:123,0
DA:126,0
DA:130,0
DA:133,0
DA:137,0
DA:141,0
DA:147,0
DA:164,0
DA:174,0
LF:63
LH:0
BRDA:30,0,0,0
BRDA:30,0,1,0
BRDA:58,1,0,0
BRDA:58,1,1,0
BRDA:58,2,0,0
BRDA:58,2,1,0
BRDA:76,3,0,0
BRDA:76,3,1,0
BRDA:77,4,0,0
BRDA:77,4,1,0
BRDA:94,5,0,0
BRDA:94,5,1,0
BRDA:98,6,0,0
BRDA:98,6,1,0
BRDA:98,7,0,0
BRDA:98,7,1,0
BRDA:105,8,0,0
BRDA:105,8,1,0
BRDA:116,9,0,0
BRDA:116,9,1,0
BRF:20
BRH:0
end_of_record
TN:
SF:app/(auth)/sign-up.tsx
FN:12,(anonymous_0)
FN:23,(anonymous_1)
FN:25,(anonymous_2)
FN:28,(anonymous_3)
FN:31,(anonymous_4)
FN:44,(anonymous_5)
FN:56,(anonymous_6)
FN:67,(anonymous_7)
FN:89,(anonymous_8)
FN:93,(anonymous_9)
FN:97,(anonymous_10)
FN:119,(anonymous_11)
FN:127,(anonymous_12)
FN:136,(anonymous_13)
FNF:14
FNH:0
FNDA:0,(anonymous_0)
FNDA:0,(anonymous_1)
FNDA:0,(anonymous_2)
FNDA:0,(anonymous_3)
FNDA:0,(anonymous_4)
FNDA:0,(anonymous_5)
FNDA:0,(anonymous_6)
FNDA:0,(anonymous_7)
FNDA:0,(anonymous_8)
FNDA:0,(anonymous_9)
FNDA:0,(anonymous_10)
FNDA:0,(anonymous_11)
FNDA:0,(anonymous_12)
FNDA:0,(anonymous_13)
DA:12,0
DA:13,0
DA:15,0
DA:21,0
DA:23,0
DA:24,0
DA:25,0
DA:28,0
DA:29,0
DA:31,0
DA:32,0
DA:33,0
DA:34,0
DA:35,0
DA:36,0
DA:38,0
DA:41,0
DA:44,0
DA:45,0
DA:46,0
DA:47,0
DA:48,0
DA:50,0
DA:53,0
DA:56,0
DA:57,0
DA:60,0
DA:61,0
DA:62,0
DA:63,0
DA:66,0
DA:68,0
DA:71,0
DA:77,0
DA:79,0
DA:80,0
DA:83,0
DA:90,0
DA:93,0
DA:94,0
DA:98,0
DA:104,0
DA:119,0
DA:127,0
DA:136,0
LF:45
LH:0
BRDA:34,0,0,0
BRDA:34,0,1,0
BRDA:60,1,0,0
BRDA:60,1,1,0
BRDA:60,2,0,0
BRDA:60,2,1,0
BRDA:60,2,2,0
BRDA:79,3,0,0
BRDA:79,3,1,0
BRDA:80,4,0,0
BRDA:80,4,1,0
BRF:11
BRH:0
end_of_record
TN:
SF:app/(auth)/welcome.tsx
FN:11,(anonymous_0)
FN:17,(anonymous_1)
FN:20,(anonymous_2)
FN:42,(anonymous_3)
FN:57,(anonymous_4)
FN:59,(anonymous_5)
FN:83,(anonymous_6)
FN:98,(anonymous_7)
FNF:8
FNH:0
FNDA:0,(anonymous_0)
FNDA:0,(anonymous_1)
FNDA:0,(anonymous_2)
FNDA:0,(anonymous_3)
FNDA:0,(anonymous_4)
FNDA:0,(anonymous_5)
FNDA:0,(anonymous_6)
FNDA:0,(anonymous_7)
DA:11,0
DA:12,0
DA:14,0
DA:15,0
DA:17,0
DA:18,0
DA:20,0
DA:21,0
DA:22,0
DA:23,0
DA:24,0
DA:27,0
DA:29,0
DA:32,0
DA:35,0
DA:37,0
DA:39,0
DA:43,0
DA:57,0
DA:99,0
LF:20
LH:0
BRDA:23,0,0,0
BRDA:23,0,1,0
BRDA:87,1,0,0
BRDA:87,1,1,0
BRDA:97,2,0,0
BRDA:97,2,1,0
BRDA:99,3,0,0
BRDA:99,3,1,0
BRF:8
BRH:0
end_of_record
TN:
SF:app/(auth)/business-register/index.tsx
FN:12,(anonymous_0)
FN:30,(anonymous_1)
FN:32,(anonymous_2)
FN:78,(anonymous_3)
FN:79,(anonymous_4)
FN:82,(anonymous_5)
FN:120,(anonymous_6)
FN:152,(anonymous_7)
FN:155,(anonymous_8)
FN:201,(anonymous_9)
FN:208,(anonymous_10)
FN:219,(anonymous_11)
FN:226,(anonymous_12)
FN:234,(anonymous_13)
FN:249,(anonymous_14)
FN:256,(anonymous_15)
FN:271,(anonymous_16)
FNF:17
FNH:0
FNDA:0,(anonymous_0)
FNDA:0,(anonymous_1)
FNDA:0,(anonymous_2)
FNDA:0,(anonymous_3)
FNDA:0,(anonymous_4)
FNDA:0,(anonymous_5)
FNDA:0,(anonymous_6)
FNDA:0,(anonymous_7)
FNDA:0,(anonymous_8)
FNDA:0,(anonymous_9)
FNDA:0,(anonymous_10)
FNDA:0,(anonymous_11)
FNDA:0,(anonymous_12)
FNDA:0,(anonymous_13)
FNDA:0,(anonymous_14)
FNDA:0,(anonymous_15)
FNDA:0,(anonymous_16)
DA:12,0
DA:13,0
DA:14,0
DA:17,0
DA:20,0
DA:30,0
DA:32,0
DA:33,0
DA:34,0
DA:35,0
DA:36,0
DA:39,0
DA:43,0
DA:44,0
DA:47,0
DA:48,0
DA:51,0
DA:78,0
DA:79,0
DA:82,0
DA:83,0
DA:89,0
DA:93,0
DA:96,0
DA:98,0
DA:100,0
DA:103,0
DA:114,0
DA:120,0
DA:125,0
DA:126,0
DA:128,0
DA:132,0
DA:155,0
DA:201,0
DA:209,0
DA:219,0
DA:226,0
DA:234,0
DA:249,0
DA:256,0
DA:271,0
LF:42
LH:0
BRDA:35,0,0,0
BRDA:35,0,1,0
BRDA:43,1,0,0
BRDA:43,1,1,0
BRDA:47,2,0,0
BRDA:47,2,1,0
BRDA:83,3,0,0
BRDA:83,3,1,0
BRDA:84,4,0,0
BRDA:84,4,1,0
BRDA:84,4,2,0
BRDA:84,4,3,0
BRDA:157,5,0,0
BRDA:157,5,1,0
BRDA:167,6,0,0
BRDA:167,6,1,0
BRDA:178,7,0,0
BRDA:178,7,1,0
BRDA:264,8,0,0
BRDA:264,8,1,0
BRF:20
BRH:0
end_of_record
TN:
SF:app/(auth)/driver-register/index.tsx
FN:12,(anonymous_0)
FN:28,(anonymous_1)
FN:30,(anonymous_2)
FN:49,(anonymous_3)
FN:50,(anonymous_4)
FN:53,(anonymous_5)
FN:54,(anonymous_6)
FN:57,(anonymous_7)
FN:91,(anonymous_8)
FN:126,(anonymous_9)
FN:133,(anonymous_10)
FN:140,(anonymous_11)
FN:155,(anonymous_12)
FN:162,(anonymous_13)
FN:169,(anonymous_14)
FN:177,(anonymous_15)
FN:207,(anonymous_16)
FN:210,(anonymous_17)
FN:259,(anonymous_18)
FNF:19
FNH:0
FNDA:0,(anonymous_0)
FNDA:0,(anonymous_1)
FNDA:0,(anonymous_2)
FNDA:0,(anonymous_3)
FNDA:0,(anonymous_4)
FNDA:0,(anonymous_5)
FNDA:0,(anonymous_6)
FNDA:0,(anonymous_7)
FNDA:0,(anonymous_8)
FNDA:0,(anonymous_9)
FNDA:0,(anonymous_10)
FNDA:0,(anonymous_11)
FNDA:0,(anonymous_12)
FNDA:0,(anonymous_13)
FNDA:0,(anonymous_14)
FNDA:0,(anonymous_15)
FNDA:0,(anonymous_16)
FNDA:0,(anonymous_17)
FNDA:0,(anonymous_18)
DA:12,0
DA:13,0
DA:14,0
DA:17,0
DA:28,0
DA:30,0
DA:31,0
DA:32,0
DA:33,0
DA:34,0
DA:37,0
DA:41,0
DA:42,0
DA:45,0
DA:46,0
DA:49,0
DA:50,0
DA:53,0
DA:54,0
DA:57,0
DA:58,0
DA:65,0
DA:66,0
DA:69,0
DA:71,0
DA:73,0
DA:76,0
DA:85,0
DA:91,0
DA:96,0
DA:97,0
DA:99,0
DA:103,0
DA:126,0
DA:133,0
DA:140,0
DA:155,0
DA:162,0
DA:169,0
DA:177,0
DA:210,0
DA:259,0
LF:42
LH:0
BRDA:33,0,0,0
BRDA:33,0,1,0
BRDA:41,1,0,0
BRDA:41,1,1,0
BRDA:45,2,0,0
BRDA:45,2,1,0
BRDA:58,3,0,0
BRDA:58,3,1,0
BRDA:59,4,0,0
BRDA:59,4,1,0
BRDA:59,4,2,0
BRDA:59,4,3,0
BRDA:59,4,4,0
BRDA:212,5,0,0
BRDA:212,5,1,0
BRDA:220,6,0,0
BRDA:220,6,1,0
BRDA:225,7,0,0
BRDA:225,7,1,0
BRDA:232,8,0,0
BRDA:232,8,1,0
BRDA:252,9,0,0
BRDA:252,9,1,0
BRF:23
BRH:0
end_of_record
TN:
SF:app/(business)/_layout.tsx
FN:3,(anonymous_0)
FNF:1
FNH:0
FNDA:0,(anonymous_0)
DA:3,0
DA:4,0
LF:2
LH:0
BRF:0
BRH:0
end_of_record
TN:
SF:app/(business)/analytics/index.tsx
FN:168,(anonymous_0)
FN:177,(anonymous_1)
FN:179,(anonymous_2)
FN:194,(anonymous_3)
FN:226,(anonymous_4)
FN:229,(anonymous_5)
FN:252,(anonymous_6)
FN:255,(anonymous_7)
FN:399,(anonymous_8)
FN:440,(anonymous_9)
FN:471,(anonymous_10)
FN:519,(anonymous_11)
FN:536,(anonymous_12)
FNF:13
FNH:0
FNDA:0,(anonymous_0)
FNDA:0,(anonymous_1)
FNDA:0,(anonymous_2)
FNDA:0,(anonymous_3)
FNDA:0,(anonymous_4)
FNDA:0,(anonymous_5)
FNDA:0,(anonymous_6)
FNDA:0,(anonymous_7)
FNDA:0,(anonymous_8)
FNDA:0,(anonymous_9)
FNDA:0,(anonymous_10)
FNDA:0,(anonymous_11)
FNDA:0,(anonymous_12)
DA:6,0
DA:42,0
DA:85,0
DA:100,0
DA:137,0
DA:168,0
DA:169,0
DA:172,0
DA:176,0
DA:177,0
DA:179,0
DA:180,0
DA:181,0
DA:182,0
DA:191,0
DA:194,0
DA:195,0
DA:197,0
DA:199,0
DA:201,0
DA:203,0
DA:205,0
DA:209,0
DA:229,0
DA:255,0
LF:25
LH:0
BRDA:185,0,0,0
BRDA:185,0,1,0
BRDA:195,1,0,0
BRDA:195,1,1,0
BRDA:195,1,2,0
BRDA:195,1,3,0
BRDA:195,1,4,0
BRDA:231,2,0,0
BRDA:231,2,1,0
BRDA:237,3,0,0
BRDA:237,3,1,0
BRDA:257,4,0,0
BRDA:257,4,1,0
BRDA:264,5,0,0
BRDA:264,5,1,0
BRDA:276,6,0,0
BRDA:276,6,1,0
BRDA:421,7,0,0
BRDA:421,7,1,0
BRDA:469,8,0,0
BRDA:469,8,1,0
BRDA:498,9,0,0
BRDA:498,9,1,0
BRF:23
BRH:0
end_of_record
TN:
SF:app/(business)/customer-chat/[orderId].tsx
FN:77,(anonymous_0)
FN:85,(anonymous_1)
FN:86,(anonymous_2)
FN:90,(anonymous_3)
FN:94,(anonymous_4)
FN:98,(anonymous_5)
FN:108,(anonymous_6)
FN:113,(anonymous_7)
FN:133,(anonymous_8)
FN:140,(anonymous_9)
FN:149,(anonymous_10)
FN:152,(anonymous_11)
FN:166,(anonymous_12)
FN:179,(anonymous_13)
FN:209,(anonymous_14)
FN:239,(anonymous_15)
FN:292,(anonymous_16)
FN:295,(anonymous_17)
FNF:18
FNH:0
FNDA:0,(anonymous_0)
FNDA:0,(anonymous_1)
FNDA:0,(anonymous_2)
FNDA:0,(anonymous_3)
FNDA:0,(anonymous_4)
FNDA:0,(anonymous_5)
FNDA:0,(anonymous_6)
FNDA:0,(anonymous_7)
FNDA:0,(anonymous_8)
FNDA:0,(anonymous_9)
FNDA:0,(anonymous_10)
FNDA:0,(anonymous_11)
FNDA:0,(anonymous_12)
FNDA:0,(anonymous_13)
FNDA:0,(anonymous_14)
FNDA:0,(anonymous_15)
FNDA:0,(anonymous_16)
FNDA:0,(anonymous_17)
DA:15,0
DA:24,0
DA:77,0
DA:78,0
DA:79,0
DA:80,0
DA:81,0
DA:82,0
DA:85,0
DA:86,0
DA:87,0
DA:90,0
DA:94,0
DA:95,0
DA:98,0
DA:99,0
DA:100,0
DA:108,0
DA:109,0
DA:112,0
DA:114,0
DA:123,0
DA:125,0
DA:133,0
DA:140,0
DA:141,0
DA:149,0
DA:152,0
DA:153,0
DA:154,0
DA:155,0
DA:157,0
DA:158,0
DA:160,0
DA:161,0
DA:163,0
DA:166,0
DA:167,0
DA:169,0
DA:171,0
DA:173,0
DA:175,0
DA:179,0
DA:180,0
DA:182,0
DA:184,0
DA:186,0
DA:188,0
DA:192,0
DA:199,0
DA:209,0
DA:295,0
LF:52
LH:0
BRDA:99,0,0,0
BRDA:99,0,1,0
BRDA:157,1,0,0
BRDA:157,1,1,0
BRDA:158,2,0,0
BRDA:158,2,1,0
BRDA:161,3,0,0
BRDA:161,3,1,0
BRDA:167,4,0,0
BRDA:167,4,1,0
BRDA:167,4,2,0
BRDA:167,4,3,0
BRDA:180,5,0,0
BRDA:180,5,1,0
BRDA:180,5,2,0
BRDA:180,5,3,0
BRDA:203,6,0,0
BRDA:203,6,1,0
BRDA:241,7,0,0
BRDA:241,7,1,0
BRDA:252,8,0,0
BRDA:252,8,1,0
BRDA:254,9,0,0
BRDA:254,9,1,0
BRDA:262,10,0,0
BRDA:262,10,1,0
BRDA:267,11,0,0
BRDA:267,11,1,0
BRDA:323,12,0,0
BRDA:323,12,1,0
BRF:30
BRH:0
end_of_record
TN:
SF:app/(business)/dashboard/index.tsx
FN:110,(anonymous_0)
FN:119,(anonymous_1)
FN:129,(anonymous_2)
FN:137,(anonymous_3)
FN:150,(anonymous_4)
FN:279,(anonymous_5)
FN:285,(anonymous_6)
FN:346,(anonymous_7)
FN:354,(anonymous_8)
FN:362,(anonymous_9)
FN:408,(anonymous_10)
FN:454,(anonymous_11)
FN:475,(anonymous_12)
FN:479,(anonymous_13)
FNF:14
FNH:0
FNDA:0,(anonymous_0)
FNDA:0,(anonymous_1)
FNDA:0,(anonymous_2)
FNDA:0,(anonymous_3)
FNDA:0,(anonymous_4)
FNDA:0,(anonymous_5)
FNDA:0,(anonymous_6)
FNDA:0,(anonymous_7)
FNDA:0,(anonymous_8)
FNDA:0,(anonymous_9)
FNDA:0,(anonymous_10)
FNDA:0,(anonymous_11)
FNDA:0,(anonymous_12)
FNDA:0,(anonymous_13)
DA:27,0
DA:38,0
DA:47,0
DA:79,0
DA:110,0
DA:111,0
DA:113,0
DA:114,0
DA:116,0
DA:119,0
DA:120,0
DA:121,0
DA:122,0
DA:123,0
DA:125,0
DA:129,0
DA:130,0
DA:131,0
DA:137,0
DA:138,0
DA:140,0
DA:142,0
DA:144,0
DA:146,0
DA:150,0
DA:151,0
DA:153,0
DA:155,0
DA:157,0
DA:159,0
DA:164,0
DA:279,0
DA:346,0
DA:354,0
DA:362,0
DA:378,0
DA:409,0
DA:454,0
DA:456,0
DA:458,0
DA:475,0
DA:476,0
DA:479,0
DA:480,0
DA:482,0
LF:45
LH:0
BRDA:121,0,0,0
BRDA:121,0,1,0
BRDA:133,1,0,0
BRDA:133,1,1,0
BRDA:138,2,0,0
BRDA:138,2,1,0
BRDA:138,2,2,0
BRDA:138,2,3,0
BRDA:151,3,0,0
BRDA:151,3,1,0
BRDA:151,3,2,0
BRDA:151,3,3,0
BRDA:165,4,0,0
BRDA:165,4,1,0
BRDA:166,5,0,0
BRDA:166,5,1,0
BRDA:199,6,0,0
BRDA:199,6,1,0
BRDA:202,7,0,0
BRDA:202,7,1,0
BRDA:325,8,0,0
BRDA:325,8,1,0
BRDA:456,9,0,0
BRDA:456,9,1,0
BRF:24
BRH:0
end_of_record
TN:
SF:app/(business)/driver-assignment/[orderId].tsx
FN:71,(anonymous_0)
FN:91,(anonymous_1)
FN:101,(anonymous_2)
FN:111,(anonymous_3)
FN:116,(anonymous_4)
FN:117,(anonymous_5)
FN:123,(anonymous_6)
FN:138,(anonymous_7)
FN:147,(anonymous_8)
FN:148,(anonymous_9)
FN:157,(anonymous_10)
FN:162,(anonymous_11)
FN:171,(anonymous_12)
FN:183,(anonymous_13)
FN:251,(anonymous_14)
FN:254,(anonymous_15)
FN:319,(anonymous_16)
FN:326,(anonymous_17)
FN:329,(anonymous_18)
FN:338,(anonymous_19)
FN:342,(anonymous_20)
FNF:21
FNH:0
FNDA:0,(anonymous_0)
FNDA:0,(anonymous_1)
FNDA:0,(anonymous_2)
FNDA:0,(anonymous_3)
FNDA:0,(anonymous_4)
FNDA:0,(anonymous_5)
FNDA:0,(anonymous_6)
FNDA:0,(anonymous_7)
FNDA:0,(anonymous_8)
FNDA:0,(anonymous_9)
FNDA:0,(anonymous_10)
FNDA:0,(anonymous_11)
FNDA:0,(anonymous_12)
FNDA:0,(anonymous_13)
FNDA:0,(anonymous_14)
FNDA:0,(anonymous_15)
FNDA:0,(anonymous_16)
FNDA:0,(anonymous_17)
FNDA:0,(anonymous_18)
FNDA:0,(anonymous_19)
FNDA:0,(anonymous_20)
DA:9,0
DA:19,0
DA:71,0
DA:91,0
DA:101,0
DA:102,0
DA:103,0
DA:106,0
DA:107,0
DA:108,0
DA:111,0
DA:112,0
DA:113,0
DA:116,0
DA:117,0
DA:118,0
DA:119,0
DA:120,0
DA:123,0
DA:124,0
DA:129,0
DA:131,0
DA:134,0
DA:135,0
DA:138,0
DA:140,0
DA:142,0
DA:147,0
DA:148,0
DA:149,0
DA:150,0
DA:158,0
DA:159,0
DA:162,0
DA:171,0
DA:172,0
DA:174,0
DA:176,0
DA:178,0
DA:183,0
DA:185,0
DA:186,0
DA:189,0
DA:192,0
DA:254,0
DA:319,0
DA:327,0
DA:328,0
DA:329,0
DA:331,0
DA:339,0
DA:342,0
DA:368,0
LF:53
LH:0
BRDA:118,0,0,0
BRDA:118,0,1,0
BRDA:124,1,0,0
BRDA:124,1,1,0
BRDA:125,2,0,0
BRDA:125,2,1,0
BRDA:125,2,2,0
BRDA:149,3,0,0
BRDA:149,3,1,0
BRDA:172,4,0,0
BRDA:172,4,1,0
BRDA:172,4,2,0
BRDA:185,5,0,0
BRDA:185,5,1,0
BRDA:218,6,0,0
BRDA:218,6,1,0
BRDA:223,7,0,0
BRDA:223,7,1,0
BRDA:225,8,0,0
BRDA:225,8,1,0
BRDA:233,9,0,0
BRDA:233,9,1,0
BRDA:256,10,0,0
BRDA:256,10,1,0
BRDA:301,11,0,0
BRDA:301,11,1,0
BRDA:327,12,0,0
BRDA:327,12,1,0
BRDA:352,13,0,0
BRDA:352,13,1,0
BRDA:357,14,0,0
BRDA:357,14,1,0
BRF:32
BRH:0
end_of_record
TN:
SF:app/(business)/menu/index.tsx
FN:143,(anonymous_0)
FN:149,(anonymous_1)
FN:152,(anonymous_2)
FN:156,(anonymous_3)
FN:160,(anonymous_4)
FN:164,(anonymous_5)
FN:172,(anonymous_6)
FN:174,(anonymous_7)
FN:177,(anonymous_8)
FN:181,(anonymous_9)
FN:185,(anonymous_10)
FN:204,(anonymous_11)
FN:233,(anonymous_12)
FN:236,(anonymous_13)
FN:267,(anonymous_14)
FN:272,(anonymous_15)
FN:274,(anonymous_16)
FN:306,(anonymous_17)
FN:333,(anonymous_18)
FN:343,(anonymous_19)
FN:370,(anonymous_20)
FN:425,(anonymous_21)
FN:438,(anonymous_22)
FNF:23
FNH:0
FNDA:0,(anonymous_0)
FNDA:0,(anonymous_1)
FNDA:0,(anonymous_2)
FNDA:0,(anonymous_3)
FNDA:0,(anonymous_4)
FNDA:0,(anonymous_5)
FNDA:0,(anonymous_6)
FNDA:0,(anonymous_7)
FNDA:0,(anonymous_8)
FNDA:0,(anonymous_9)
FNDA:0,(anonymous_10)
FNDA:0,(anonymous_11)
FNDA:0,(anonymous_12)
FNDA:0,(anonymous_13)
FNDA:0,(anonymous_14)
FNDA:0,(anonymous_15)
FNDA:0,(anonymous_16)
FNDA:0,(anonymous_17)
FNDA:0,(anonymous_18)
FNDA:0,(anonymous_19)
FNDA:0,(anonymous_20)
FNDA:0,(anonymous_21)
FNDA:0,(anonymous_22)
DA:6,0
DA:44,0
DA:143,0
DA:144,0
DA:145,0
DA:146,0
DA:148,0
DA:149,0
DA:152,0
DA:153,0
DA:156,0
DA:157,0
DA:160,0
DA:161,0
DA:164,0
DA:165,0
DA:172,0
DA:173,0
DA:174,0
DA:176,0
DA:177,0
DA:180,0
DA:181,0
DA:185,0
DA:188,0
DA:196,0
DA:204,0
DA:236,0
DA:267,0
DA:273,0
DA:274,0
DA:276,0
DA:306,0
DA:343,0
DA:425,0
DA:438,0
LF:36
LH:0
BRDA:204,0,0,0
BRDA:204,0,1,0
BRDA:208,1,0,0
BRDA:208,1,1,0
BRDA:238,2,0,0
BRDA:238,2,1,0
BRDA:276,3,0,0
BRDA:276,3,1,0
BRDA:316,4,0,0
BRDA:316,4,1,0
BRDA:332,5,0,0
BRDA:332,5,1,0
BRDA:337,6,0,0
BRDA:337,6,1,0
BRDA:383,7,0,0
BRDA:383,7,1,0
BRDA:414,8,0,0
BRDA:414,8,1,0
BRDA:419,9,0,0
BRDA:419,9,1,0
BRDA:427,10,0,0
BRDA:427,10,1,0
BRDA:433,11,0,0
BRDA:433,11,1,0
BRF:24
BRH:0
end_of_record
TN:
SF:app/(business)/order-fulfillment/[orderId].tsx
FN:30,(anonymous_0)
FN:42,(anonymous_1)
FN:53,(anonymous_2)
FN:57,(anonymous_3)
FN:87,(anonymous_4)
FN:94,(anonymous_5)
FN:97,(anonymous_6)
FN:101,(anonymous_7)
FN:105,(anonymous_8)
FN:113,(anonymous_9)
FNF:10
FNH:0
FNDA:0,(anonymous_0)
FNDA:0,(anonymous_1)
FNDA:0,(anonymous_2)
FNDA:0,(anonymous_3)
FNDA:0,(anonymous_4)
FNDA:0,(anonymous_5)
FNDA:0,(anonymous_6)
FNDA:0,(anonymous_7)
FNDA:0,(anonymous_8)
FNDA:0,(anonymous_9)
DA:9,0
DA:30,0
DA:31,0
DA:39,0
DA:42,0
DA:43,0
DA:44,0
DA:48,0
DA:49,0
DA:50,0
DA:53,0
DA:54,0
DA:55,0
DA:57,0
DA:58,0
DA:59,0
DA:60,0
DA:64,0
DA:67,0
DA:71,0
DA:73,0
DA:76,0
DA:77,0
DA:78,0
DA:79,0
DA:81,0
DA:87,0
DA:94,0
DA:97,0
DA:98,0
DA:101,0
DA:102,0
DA:105,0
DA:106,0
DA:114,0
DA:115,0
DA:116,0
DA:117,0
DA:125,0
DA:156,0
DA:309,0
LF:41
LH:0
BRDA:58,0,0,0
BRDA:58,0,1,0
BRDA:298,1,0,0
BRDA:298,1,1,0
BRDA:302,2,0,0
BRDA:302,2,1,0
BRF:6
BRH:0
end_of_record
TN:
SF:app/(business)/orders/index.tsx
FN:60,(anonymous_0)
FN:64,(anonymous_1)
FN:79,(anonymous_2)
FN:94,(anonymous_3)
FN:101,(anonymous_4)
FN:108,(anonymous_5)
FN:130,(anonymous_6)
FN:135,(anonymous_7)
FN:140,(anonymous_8)
FN:142,(anonymous_9)
FN:145,(anonymous_10)
FN:182,(anonymous_11)
FN:208,(anonymous_12)
FN:266,(anonymous_13)
FN:276,(anonymous_14)
FN:287,(anonymous_15)
FN:298,(anonymous_16)
FNF:17
FNH:0
FNDA:0,(anonymous_0)
FNDA:0,(anonymous_1)
FNDA:0,(anonymous_2)
FNDA:0,(anonymous_3)
FNDA:0,(anonymous_4)
FNDA:0,(anonymous_5)
FNDA:0,(anonymous_6)
FNDA:0,(anonymous_7)
FNDA:0,(anonymous_8)
FNDA:0,(anonymous_9)
FNDA:0,(anonymous_10)
FNDA:0,(anonymous_11)
FNDA:0,(anonymous_12)
FNDA:0,(anonymous_13)
FNDA:0,(anonymous_14)
FNDA:0,(anonymous_15)
FNDA:0,(anonymous_16)
DA:6,0
DA:60,0
DA:61,0
DA:62,0
DA:64,0
DA:65,0
DA:67,0
DA:69,0
DA:71,0
DA:73,0
DA:75,0
DA:79,0
DA:80,0
DA:82,0
DA:84,0
DA:86,0
DA:88,0
DA:90,0
DA:94,0
DA:95,0
DA:101,0
DA:102,0
DA:106,0
DA:108,0
DA:110,0
DA:130,0
DA:135,0
DA:140,0
DA:145,0
DA:266,0
DA:276,0
DA:287,0
DA:298,0
LF:33
LH:0
BRDA:65,0,0,0
BRDA:65,0,1,0
BRDA:65,0,2,0
BRDA:65,0,3,0
BRDA:65,0,4,0
BRDA:80,1,0,0
BRDA:80,1,1,0
BRDA:80,1,2,0
BRDA:80,1,3,0
BRDA:80,1,4,0
BRDA:106,2,0,0
BRDA:106,2,1,0
BRDA:147,3,0,0
BRDA:147,3,1,0
BRDA:154,4,0,0
BRDA:154,4,1,0
BRDA:169,5,0,0
BRDA:169,5,1,0
BRDA:176,6,0,0
BRDA:176,6,1,0
BRDA:274,7,0,0
BRDA:274,7,1,0
BRDA:285,8,0,0
BRDA:285,8,1,0
BRDA:296,9,0,0
BRDA:296,9,1,0
BRF:26
BRH:0
end_of_record
TN:
SF:app/(driver)/_layout.tsx
FN:5,DriverLayout
FNF:1
FNH:0
FNDA:0,DriverLayout
DA:6,0
DA:8,0
LF:2
LH:0
BRDA:13,0,0,0
BRDA:13,0,1,0
BRF:2
BRH:0
end_of_record
TN:
SF:app/(driver)/available.tsx
FN:22,(anonymous_0)
FN:63,(anonymous_1)
FN:65,(anonymous_2)
FN:72,(anonymous_3)
FN:78,(anonymous_4)
FN:89,(anonymous_5)
FN:105,(anonymous_6)
FN:109,(anonymous_7)
FN:115,(anonymous_8)
FN:118,(anonymous_9)
FN:142,(anonymous_10)
FN:145,(anonymous_11)
FN:151,(anonymous_12)
FN:237,(anonymous_13)
FN:249,(anonymous_14)
FN:258,(anonymous_15)
FN:286,(anonymous_16)
FN:302,(anonymous_17)
FN:312,(anonymous_18)
FN:324,(anonymous_19)
FN:334,(anonymous_20)
FN:347,(anonymous_21)
FN:357,(anonymous_22)
FN:367,(anonymous_23)
FN:438,(anonymous_24)
FNF:25
FNH:0
FNDA:0,(anonymous_0)
FNDA:0,(anonymous_1)
FNDA:0,(anonymous_2)
FNDA:0,(anonymous_3)
FNDA:0,(anonymous_4)
FNDA:0,(anonymous_5)
FNDA:0,(anonymous_6)
FNDA:0,(anonymous_7)
FNDA:0,(anonymous_8)
FNDA:0,(anonymous_9)
FNDA:0,(anonymous_10)
FNDA:0,(anonymous_11)
FNDA:0,(anonymous_12)
FNDA:0,(anonymous_13)
FNDA:0,(anonymous_14)
FNDA:0,(anonymous_15)
FNDA:0,(anonymous_16)
FNDA:0,(anonymous_17)
FNDA:0,(anonymous_18)
FNDA:0,(anonymous_19)
FNDA:0,(anonymous_20)
FNDA:0,(anonymous_21)
FNDA:0,(anonymous_22)
FNDA:0,(anonymous_23)
FNDA:0,(anonymous_24)
DA:22,0
DA:23,0
DA:24,0
DA:25,0
DA:28,0
DA:29,0
DA:36,0
DA:44,0
DA:52,0
DA:60,0
DA:63,0
DA:65,0
DA:66,0
DA:67,0
DA:68,0
DA:69,0
DA:72,0
DA:78,0
DA:79,0
DA:80,0
DA:81,0
DA:83,0
DA:85,0
DA:86,0
DA:89,0
DA:91,0
DA:97,0
DA:102,0
DA:105,0
DA:106,0
DA:109,0
DA:110,0
DA:115,0
DA:116,0
DA:117,0
DA:118,0
DA:119,0
DA:120,0
DA:122,0
DA:131,0
DA:139,0
DA:141,0
DA:142,0
DA:143,0
DA:144,0
DA:145,0
DA:148,0
DA:151,0
DA:152,0
DA:153,0
DA:154,0
DA:156,0
DA:157,0
DA:159,0
DA:169,0
DA:170,0
DA:171,0
DA:172,0
DA:173,0
DA:174,0
DA:181,0
DA:182,0
DA:183,0
DA:184,0
DA:185,0
DA:188,0
DA:191,0
DA:192,0
DA:193,0
DA:195,0
DA:198,0
DA:201,0
DA:202,0
DA:203,0
DA:206,0
DA:208,0
DA:213,0
DA:221,0
DA:229,0
DA:237,0
DA:239,0
DA:246,0
DA:249,0
DA:250,0
DA:251,0
DA:252,0
DA:254,0
DA:258,0
DA:259,0
DA:260,0
DA:286,0
DA:293,0
DA:302,0
DA:312,0
DA:324,0
DA:334,0
DA:347,0
DA:357,0
DA:367,0
DA:439,0
LF:100
LH:0
BRDA:66,0,0,0
BRDA:66,0,1,0
BRDA:66,1,0,0
BRDA:66,1,1,0
BRDA:67,2,0,0
BRDA:67,2,1,0
BRDA:67,3,0,0
BRDA:67,3,1,0
BRDA:68,4,0,0
BRDA:68,4,1,0
BRDA:68,5,0,0
BRDA:68,5,1,0
BRDA:69,6,0,0
BRDA:69,6,1,0
BRDA:91,7,0,0
BRDA:91,7,1,0
BRDA:91,7,2,0
BRDA:91,7,3,0
BRDA:91,7,4,0
BRDA:97,8,0,0
BRDA:97,8,1,0
BRDA:97,8,2,0
BRDA:97,8,3,0
BRDA:97,8,4,0
BRDA:106,9,0,0
BRDA:106,9,1,0
BRDA:106,9,2,0
BRDA:106,9,3,0
BRDA:110,10,0,0
BRDA:110,10,1,0
BRDA:112,11,0,0
BRDA:112,11,1,0
BRDA:112,11,2,0
BRDA:112,11,3,0
BRDA:117,12,0,0
BRDA:117,12,1,0
BRDA:117,13,0,0
BRDA:117,13,1,0
BRDA:117,13,2,0
BRDA:122,14,0,0
BRDA:122,14,1,0
BRDA:122,15,0,0
BRDA:122,15,1,0
BRDA:131,16,0,0
BRDA:131,16,1,0
BRDA:131,17,0,0
BRDA:131,17,1,0
BRDA:141,18,0,0
BRDA:141,18,1,0
BRDA:143,19,0,0
BRDA:143,19,1,0
BRDA:153,20,0,0
BRDA:153,20,1,0
BRDA:156,21,0,0
BRDA:156,21,1,0
BRDA:172,22,0,0
BRDA:172,22,1,0
BRDA:184,23,0,0
BRDA:184,23,1,0
BRDA:206,24,0,0
BRDA:206,24,1,0
BRDA:213,25,0,0
BRDA:213,25,1,0
BRDA:215,26,0,0
BRDA:215,26,1,0
BRDA:217,27,0,0
BRDA:217,27,1,0
BRDA:221,28,0,0
BRDA:221,28,1,0
BRDA:223,29,0,0
BRDA:223,29,1,0
BRDA:225,30,0,0
BRDA:225,30,1,0
BRDA:229,31,0,0
BRDA:229,31,1,0
BRDA:231,32,0,0
BRDA:231,32,1,0
BRDA:233,33,0,0
BRDA:233,33,1,0
BRDA:239,34,0,0
BRDA:239,34,1,0
BRDA:241,35,0,0
BRDA:241,35,1,0
BRDA:243,36,0,0
BRDA:243,36,1,0
BRDA:259,37,0,0
BRDA:259,37,1,0
BRDA:259,37,2,0
BRDA:264,38,0,0
BRDA:264,38,1,0
BRDA:266,39,0,0
BRDA:266,39,1,0
BRDA:268,40,0,0
BRDA:268,40,1,0
BRDA:274,41,0,0
BRDA:274,41,1,0
BRDA:274,41,2,0
BRDA:274,41,3,0
BRDA:278,42,0,0
BRDA:278,42,1,0
BRDA:278,42,2,0
BRDA:278,42,3,0
BRDA:284,43,0,0
BRDA:284,43,1,0
BRDA:301,44,0,0
BRDA:301,44,1,0
BRDA:305,45,0,0
BRDA:305,45,1,0
BRDA:311,46,0,0
BRDA:311,46,1,0
BRDA:315,47,0,0
BRDA:315,47,1,0
BRDA:323,48,0,0
BRDA:323,48,1,0
BRDA:327,49,0,0
BRDA:327,49,1,0
BRDA:333,50,0,0
BRDA:333,50,1,0
BRDA:337,51,0,0
BRDA:337,51,1,0
BRDA:346,52,0,0
BRDA:346,52,1,0
BRDA:350,53,0,0
BRDA:350,53,1,0
BRDA:356,54,0,0
BRDA:356,54,1,0
BRDA:360,55,0,0
BRDA:360,55,1,0
BRDA:366,56,0,0
BRDA:366,56,1,0
BRDA:370,57,0,0
BRDA:370,57,1,0
BRDA:377,58,0,0
BRDA:377,58,1,0
BRDA:377,59,0,0
BRDA:377,59,1,0
BRDA:379,60,0,0
BRDA:379,60,1,0
BRDA:381,61,0,0
BRDA:381,61,1,0
BRDA:389,62,0,0
BRDA:389,62,1,0
BRDA:389,63,0,0
BRDA:389,63,1,0
BRDA:391,64,0,0
BRDA:391,64,1,0
BRDA:393,65,0,0
BRDA:393,65,1,0
BRDA:398,66,0,0
BRDA:398,66,1,0
BRDA:400,67,0,0
BRDA:400,67,1,0
BRDA:402,68,0,0
BRDA:402,68,1,0
BRDA:410,69,0,0
BRDA:410,69,1,0
BRDA:412,70,0,0
BRDA:412,70,1,0
BRDA:414,71,0,0
BRDA:414,71,1,0
BRDA:422,72,0,0
BRDA:422,72,1,0
BRDA:422,72,2,0
BRDA:422,73,0,0
BRDA:422,73,1,0
BRDA:424,74,0,0
BRDA:424,74,1,0
BRDA:426,75,0,0
BRDA:426,75,1,0
BRDA:429,76,0,0
BRDA:429,76,1,0
BRDA:431,77,0,0
BRDA:431,77,1,0
BRDA:433,78,0,0
BRDA:433,78,1,0
BRDA:439,79,0,0
BRDA:439,79,1,0
BRDA:439,79,2,0
BRF:178
BRH:0
end_of_record
TN:
SF:app/(driver)/dashboard/index.tsx
FN:35,(anonymous_0)
FN:38,(anonymous_1)
FN:71,(anonymous_2)
FN:72,(anonymous_3)
FN:75,(anonymous_4)
FN:78,(anonymous_5)
FN:88,(anonymous_6)
FN:89,(anonymous_7)
FN:92,(anonymous_8)
FN:96,(anonymous_9)
FN:100,(anonymous_10)
FN:158,(anonymous_11)
FN:190,(anonymous_12)
FN:194,(anonymous_13)
FN:198,(anonymous_14)
FN:200,(anonymous_15)
FN:280,(anonymous_16)
FN:284,(anonymous_17)
FN:289,(anonymous_18)
FN:303,(anonymous_19)
FN:324,(anonymous_20)
FN:361,(anonymous_21)
FN:367,(anonymous_22)
FN:381,(anonymous_23)
FN:451,(anonymous_24)
FN:463,(anonymous_25)
FN:475,(anonymous_26)
FN:495,(anonymous_27)
FN:501,(anonymous_28)
FN:509,(anonymous_29)
FN:516,(anonymous_30)
FN:519,(anonymous_31)
FN:546,(anonymous_32)
FN:552,(anonymous_33)
FN:579,(anonymous_34)
FN:582,(anonymous_35)
FNF:36
FNH:0
FNDA:0,(anonymous_0)
FNDA:0,(anonymous_1)
FNDA:0,(anonymous_2)
FNDA:0,(anonymous_3)
FNDA:0,(anonymous_4)
FNDA:0,(anonymous_5)
FNDA:0,(anonymous_6)
FNDA:0,(anonymous_7)
FNDA:0,(anonymous_8)
FNDA:0,(anonymous_9)
FNDA:0,(anonymous_10)
FNDA:0,(anonymous_11)
FNDA:0,(anonymous_12)
FNDA:0,(anonymous_13)
FNDA:0,(anonymous_14)
FNDA:0,(anonymous_15)
FNDA:0,(anonymous_16)
FNDA:0,(anonymous_17)
FNDA:0,(anonymous_18)
FNDA:0,(anonymous_19)
FNDA:0,(anonymous_20)
FNDA:0,(anonymous_21)
FNDA:0,(anonymous_22)
FNDA:0,(anonymous_23)
FNDA:0,(anonymous_24)
FNDA:0,(anonymous_25)
FNDA:0,(anonymous_26)
FNDA:0,(anonymous_27)
FNDA:0,(anonymous_28)
FNDA:0,(anonymous_29)
FNDA:0,(anonymous_30)
FNDA:0,(anonymous_31)
FNDA:0,(anonymous_32)
FNDA:0,(anonymous_33)
FNDA:0,(anonymous_34)
FNDA:0,(anonymous_35)
DA:35,0
DA:36,0
DA:38,0
DA:64,0
DA:65,0
DA:67,0
DA:68,0
DA:69,0
DA:71,0
DA:72,0
DA:73,0
DA:75,0
DA:78,0
DA:79,0
DA:86,0
DA:88,0
DA:90,0
DA:93,0
DA:94,0
DA:97,0
DA:98,0
DA:99,0
DA:100,0
DA:101,0
DA:103,0
DA:108,0
DA:109,0
DA:114,0
DA:120,0
DA:158,0
DA:159,0
DA:160,0
DA:161,0
DA:162,0
DA:163,0
DA:164,0
DA:167,0
DA:168,0
DA:169,0
DA:172,0
DA:173,0
DA:174,0
DA:182,0
DA:185,0
DA:190,0
DA:191,0
DA:194,0
DA:195,0
DA:198,0
DA:200,0
DA:205,0
DA:218,0
DA:272,0
DA:273,0
DA:274,0
DA:275,0
DA:276,0
DA:280,0
DA:281,0
DA:284,0
DA:285,0
DA:286,0
DA:289,0
DA:290,0
DA:291,0
DA:340,0
DA:361,0
DA:367,0
DA:375,0
DA:381,0
DA:451,0
DA:463,0
DA:475,0
DA:495,0
DA:501,0
DA:509,0
DA:520,0
DA:521,0
DA:546,0
DA:552,0
DA:583,0
DA:584,0
LF:82
LH:0
BRDA:40,0,0,0
BRDA:41,1,0,0
BRDA:42,2,0,0
BRDA:43,3,0,0
BRDA:44,4,0,0
BRDA:51,5,0,0
BRDA:52,6,0,0
BRDA:101,7,0,0
BRDA:101,7,1,0
BRDA:126,8,0,0
BRDA:126,8,1,0
BRDA:140,9,0,0
BRDA:140,9,1,0
BRDA:273,10,0,0
BRDA:273,10,1,0
BRDA:290,11,0,0
BRDA:290,11,1,0
BRDA:295,12,0,0
BRDA:295,12,1,0
BRDA:298,13,0,0
BRDA:298,13,1,0
BRDA:344,14,0,0
BRDA:344,14,1,0
BRDA:347,15,0,0
BRDA:347,15,1,0
BRDA:404,16,0,0
BRDA:404,16,1,0
BRDA:404,16,2,0
BRDA:418,17,0,0
BRDA:418,17,1,0
BRDA:421,18,0,0
BRDA:421,18,1,0
BRDA:422,19,0,0
BRDA:422,19,1,0
BRDA:428,20,0,0
BRDA:428,20,1,0
BRDA:521,21,0,0
BRDA:521,21,1,0
BRDA:523,22,0,0
BRDA:523,22,1,0
BRDA:528,23,0,0
BRDA:528,23,1,0
BRF:42
BRH:0
end_of_record
TN:
SF:app/(driver)/earnings/index.tsx
FN:130,(anonymous_0)
FN:146,(anonymous_1)
FN:150,(anonymous_2)
FN:159,(anonymous_3)
FN:193,(anonymous_4)
FN:197,(anonymous_5)
FN:203,(anonymous_6)
FN:249,(anonymous_7)
FN:251,(anonymous_8)
FN:254,(anonymous_9)
FN:275,(anonymous_10)
FN:282,(anonymous_11)
FN:288,(anonymous_12)
FN:332,(anonymous_13)
FN:339,(anonymous_14)
FN:345,(anonymous_15)
FN:388,(anonymous_16)
FN:395,(anonymous_17)
FN:401,(anonymous_18)
FN:442,(anonymous_19)
FN:450,(anonymous_20)
FN:458,(anonymous_21)
FN:466,(anonymous_22)
FN:480,(anonymous_23)
FN:487,(anonymous_24)
FNF:25
FNH:0
FNDA:0,(anonymous_0)
FNDA:0,(anonymous_1)
FNDA:0,(anonymous_2)
FNDA:0,(anonymous_3)
FNDA:0,(anonymous_4)
FNDA:0,(anonymous_5)
FNDA:0,(anonymous_6)
FNDA:0,(anonymous_7)
FNDA:0,(anonymous_8)
FNDA:0,(anonymous_9)
FNDA:0,(anonymous_10)
FNDA:0,(anonymous_11)
FNDA:0,(anonymous_12)
FNDA:0,(anonymous_13)
FNDA:0,(anonymous_14)
FNDA:0,(anonymous_15)
FNDA:0,(anonymous_16)
FNDA:0,(anonymous_17)
FNDA:0,(anonymous_18)
FNDA:0,(anonymous_19)
FNDA:0,(anonymous_20)
FNDA:0,(anonymous_21)
FNDA:0,(anonymous_22)
FNDA:0,(anonymous_23)
FNDA:0,(anonymous_24)
DA:24,0
DA:51,0
DA:84,0
DA:115,0
DA:130,0
DA:131,0
DA:133,0
DA:135,0
DA:138,0
DA:140,0
DA:142,0
DA:143,0
DA:144,0
DA:146,0
DA:147,0
DA:148,0
DA:150,0
DA:153,0
DA:155,0
DA:159,0
DA:160,0
DA:162,0
DA:171,0
DA:180,0
DA:189,0
DA:193,0
DA:194,0
DA:197,0
DA:198,0
DA:199,0
DA:200,0
DA:203,0
DA:204,0
DA:206,0
DA:249,0
DA:254,0
DA:275,0
DA:282,0
DA:332,0
DA:339,0
DA:388,0
DA:395,0
DA:442,0
DA:450,0
DA:458,0
DA:466,0
DA:476,0
DA:480,0
DA:487,0
LF:49
LH:0
BRDA:160,0,0,0
BRDA:160,0,1,0
BRDA:160,0,2,0
BRDA:160,0,3,0
BRDA:163,1,0,0
BRDA:163,1,1,0
BRDA:164,2,0,0
BRDA:164,2,1,0
BRDA:165,3,0,0
BRDA:165,3,1,0
BRDA:166,4,0,0
BRDA:166,4,1,0
BRDA:172,5,0,0
BRDA:172,5,1,0
BRDA:173,6,0,0
BRDA:173,6,1,0
BRDA:174,7,0,0
BRDA:174,7,1,0
BRDA:175,8,0,0
BRDA:175,8,1,0
BRDA:181,9,0,0
BRDA:181,9,1,0
BRDA:182,10,0,0
BRDA:182,10,1,0
BRDA:183,11,0,0
BRDA:183,11,1,0
BRDA:184,12,0,0
BRDA:184,12,1,0
BRDA:256,13,0,0
BRDA:256,13,1,0
BRDA:263,14,0,0
BRDA:263,14,1,0
BRDA:320,15,0,0
BRDA:320,15,1,0
BRF:34
BRH:0
end_of_record
TN:
SF:app/(driver)/profile/index.tsx
FN:50,(anonymous_0)
FN:54,(anonymous_1)
FN:67,(anonymous_2)
FN:80,(anonymous_3)
FN:204,(anonymous_4)
FN:228,(anonymous_5)
FNF:6
FNH:0
FNDA:0,(anonymous_0)
FNDA:0,(anonymous_1)
FNDA:0,(anonymous_2)
FNDA:0,(anonymous_3)
FNDA:0,(anonymous_4)
FNDA:0,(anonymous_5)
DA:15,0
DA:29,0
DA:50,0
DA:51,0
DA:52,0
DA:54,0
DA:55,0
DA:57,0
DA:59,0
DA:61,0
DA:63,0
DA:67,0
DA:68,0
DA:70,0
DA:72,0
DA:74,0
DA:76,0
DA:80,0
DA:81,0
DA:87,0
DA:228,0
LF:21
LH:0
BRDA:55,0,0,0
BRDA:55,0,1,0
BRDA:55,0,2,0
BRDA:55,0,3,0
BRDA:68,1,0,0
BRDA:68,1,1,0
BRDA:68,1,2,0
BRDA:68,1,3,0
BRDA:226,2,0,0
BRDA:226,2,1,0
BRF:10
BRH:0
end_of_record
TN:
SF:app/(driver)/ratings/index.tsx
FN:114,(anonymous_0)
FN:136,(anonymous_1)
FN:140,(anonymous_2)
FN:149,(anonymous_3)
FN:157,(anonymous_4)
FN:210,(anonymous_5)
FN:217,(anonymous_6)
FN:260,(anonymous_7)
FN:268,(anonymous_8)
FN:281,(anonymous_9)
FN:295,(anonymous_10)
FN:359,(anonymous_11)
FN:366,(anonymous_12)
FN:372,(anonymous_13)
FN:396,(anonymous_14)
FN:416,(anonymous_15)
FN:423,(anonymous_16)
FN:429,(anonymous_17)
FN:486,(anonymous_18)
FN:494,(anonymous_19)
FN:502,(anonymous_20)
FN:510,(anonymous_21)
FN:524,(anonymous_22)
FN:531,(anonymous_23)
FNF:24
FNH:0
FNDA:0,(anonymous_0)
FNDA:0,(anonymous_1)
FNDA:0,(anonymous_2)
FNDA:0,(anonymous_3)
FNDA:0,(anonymous_4)
FNDA:0,(anonymous_5)
FNDA:0,(anonymous_6)
FNDA:0,(anonymous_7)
FNDA:0,(anonymous_8)
FNDA:0,(anonymous_9)
FNDA:0,(anonymous_10)
FNDA:0,(anonymous_11)
FNDA:0,(anonymous_12)
FNDA:0,(anonymous_13)
FNDA:0,(anonymous_14)
FNDA:0,(anonymous_15)
FNDA:0,(anonymous_16)
FNDA:0,(anonymous_17)
FNDA:0,(anonymous_18)
FNDA:0,(anonymous_19)
FNDA:0,(anonymous_20)
FNDA:0,(anonymous_21)
FNDA:0,(anonymous_22)
FNDA:0,(anonymous_23)
DA:23,0
DA:46,0
DA:85,0
DA:99,0
DA:114,0
DA:115,0
DA:124,0
DA:126,0
DA:128,0
DA:130,0
DA:131,0
DA:134,0
DA:136,0
DA:137,0
DA:138,0
DA:140,0
DA:143,0
DA:145,0
DA:149,0
DA:210,0
DA:219,0
DA:229,0
DA:232,0
DA:234,0
DA:260,0
DA:295,0
DA:359,0
DA:366,0
DA:416,0
DA:423,0
DA:486,0
DA:494,0
DA:502,0
DA:510,0
DA:520,0
DA:524,0
DA:531,0
LF:37
LH:0
BRDA:159,0,0,0
BRDA:159,0,1,0
BRDA:188,1,0,0
BRDA:188,1,1,0
BRDA:190,2,0,0
BRDA:190,2,1,0
BRDA:195,3,0,0
BRDA:195,3,1,0
BRDA:197,4,0,0
BRDA:197,4,1,0
BRDA:219,5,0,0
BRDA:219,5,1,0
BRDA:221,6,0,0
BRDA:221,6,1,0
BRDA:223,7,0,0
BRDA:223,7,1,0
BRDA:225,8,0,0
BRDA:225,8,1,0
BRDA:229,9,0,0
BRDA:229,9,1,0
BRDA:283,10,0,0
BRDA:283,10,1,0
BRDA:389,11,0,0
BRDA:389,11,1,0
BRDA:440,12,0,0
BRDA:440,12,1,0
BRDA:442,13,0,0
BRDA:442,13,1,0
BRDA:449,14,0,0
BRDA:449,14,1,0
BRDA:451,15,0,0
BRDA:451,15,1,0
BRDA:471,16,0,0
BRDA:471,16,1,0
BRDA:473,17,0,0
BRDA:473,17,1,0
BRF:36
BRH:0
end_of_record
TN:
SF:app/(driver)/ride-requests/index.tsx
FN:25,(anonymous_0)
FN:38,(anonymous_1)
FN:68,(anonymous_2)
FN:86,(anonymous_3)
FN:95,(anonymous_4)
FN:106,(anonymous_5)
FN:168,(anonymous_6)
FN:220,(anonymous_7)
FN:228,(anonymous_8)
FNF:9
FNH:0
FNDA:0,(anonymous_0)
FNDA:0,(anonymous_1)
FNDA:0,(anonymous_2)
FNDA:0,(anonymous_3)
FNDA:0,(anonymous_4)
FNDA:0,(anonymous_5)
FNDA:0,(anonymous_6)
FNDA:0,(anonymous_7)
FNDA:0,(anonymous_8)
DA:25,0
DA:26,0
DA:27,0
DA:36,0
DA:38,0
DA:39,0
DA:40,0
DA:41,0
DA:44,0
DA:46,0
DA:47,0
DA:49,0
DA:59,0
DA:61,0
DA:62,0
DA:70,0
DA:71,0
DA:77,0
DA:80,0
DA:81,0
DA:82,0
DA:86,0
DA:87,0
DA:98,0
DA:99,0
DA:106,0
DA:107,0
DA:108,0
DA:109,0
DA:110,0
DA:112,0
DA:113,0
DA:114,0
DA:116,0
DA:117,0
DA:118,0
DA:121,0
DA:220,0
DA:228,0
LF:39
LH:0
BRDA:39,0,0,0
BRDA:39,0,1,0
BRDA:61,1,0,0
BRDA:61,1,1,0
BRDA:77,2,0,0
BRDA:77,2,1,0
BRDA:81,3,0,0
BRDA:81,3,1,0
BRDA:112,4,0,0
BRDA:112,4,1,0
BRDA:113,5,0,0
BRDA:113,5,1,0
BRDA:114,6,0,0
BRDA:114,6,1,0
BRDA:117,7,0,0
BRDA:117,7,1,0
BRDA:127,8,0,0
BRDA:127,8,1,0
BRDA:129,9,0,0
BRDA:129,9,1,0
BRDA:131,10,0,0
BRDA:131,10,1,0
BRDA:131,11,0,0
BRDA:131,11,1,0
BRDA:131,12,0,0
BRDA:131,12,1,0
BRDA:136,13,0,0
BRDA:136,13,1,0
BRDA:143,14,0,0
BRDA:143,14,1,0
BRDA:157,15,0,0
BRDA:157,15,1,0
BRDA:157,16,0,0
BRDA:157,16,1,0
BRDA:212,17,0,0
BRDA:212,17,1,0
BRDA:230,18,0,0
BRDA:230,18,1,0
BRDA:237,19,0,0
BRDA:237,19,1,0
BRF:40
BRH:0
end_of_record
TN:
SF:app/(driver)/safety/index.tsx
FN:73,(anonymous_0)
FN:88,(anonymous_1)
FN:92,(anonymous_2)
FN:101,(anonymous_3)
FN:112,(anonymous_4)
FN:125,(anonymous_5)
FN:135,(anonymous_6)
FN:150,(anonymous_7)
FN:153,(anonymous_8)
FN:167,(anonymous_9)
FN:175,(anonymous_10)
FN:185,(anonymous_11)
FN:195,(anonymous_12)
FN:207,(anonymous_13)
FN:214,(anonymous_14)
FN:220,(anonymous_15)
FN:261,(anonymous_16)
FN:299,(anonymous_17)
FN:308,(anonymous_18)
FN:333,(anonymous_19)
FN:340,(anonymous_20)
FN:346,(anonymous_21)
FN:404,(anonymous_22)
FN:412,(anonymous_23)
FN:425,(anonymous_24)
FN:440,(anonymous_25)
FN:459,(anonymous_26)
FN:466,(anonymous_27)
FNF:28
FNH:0
FNDA:0,(anonymous_0)
FNDA:0,(anonymous_1)
FNDA:0,(anonymous_2)
FNDA:0,(anonymous_3)
FNDA:0,(anonymous_4)
FNDA:0,(anonymous_5)
FNDA:0,(anonymous_6)
FNDA:0,(anonymous_7)
FNDA:0,(anonymous_8)
FNDA:0,(anonymous_9)
FNDA:0,(anonymous_10)
FNDA:0,(anonymous_11)
FNDA:0,(anonymous_12)
FNDA:0,(anonymous_13)
FNDA:0,(anonymous_14)
FNDA:0,(anonymous_15)
FNDA:0,(anonymous_16)
FNDA:0,(anonymous_17)
FNDA:0,(anonymous_18)
FNDA:0,(anonymous_19)
FNDA:0,(anonymous_20)
FNDA:0,(anonymous_21)
FNDA:0,(anonymous_22)
FNDA:0,(anonymous_23)
FNDA:0,(anonymous_24)
FNDA:0,(anonymous_25)
FNDA:0,(anonymous_26)
FNDA:0,(anonymous_27)
DA:24,0
DA:43,0
DA:45,0
DA:47,0
DA:73,0
DA:74,0
DA:75,0
DA:77,0
DA:78,0
DA:81,0
DA:82,0
DA:86,0
DA:88,0
DA:89,0
DA:90,0
DA:92,0
DA:95,0
DA:97,0
DA:101,0
DA:104,0
DA:114,0
DA:115,0
DA:125,0
DA:126,0
DA:127,0
DA:136,0
DA:137,0
DA:146,0
DA:150,0
DA:153,0
DA:167,0
DA:175,0
DA:185,0
DA:195,0
DA:207,0
DA:214,0
DA:261,0
DA:299,0
DA:300,0
DA:302,0
DA:333,0
DA:340,0
DA:404,0
DA:412,0
DA:426,0
DA:440,0
DA:455,0
DA:459,0
DA:466,0
LF:49
LH:0
BRDA:126,0,0,0
BRDA:126,0,1,0
BRDA:231,1,0,0
BRDA:231,1,1,0
BRDA:269,2,0,0
BRDA:269,2,1,0
BRDA:274,3,0,0
BRDA:274,3,1,0
BRDA:300,4,0,0
BRDA:300,4,1,0
BRDA:357,5,0,0
BRDA:357,5,1,0
BRDA:357,6,0,0
BRDA:357,6,1,0
BRDA:359,7,0,0
BRDA:359,7,1,0
BRDA:366,8,0,0
BRDA:366,8,1,0
BRDA:366,9,0,0
BRDA:366,9,1,0
BRDA:369,10,0,0
BRDA:369,10,1,0
BRDA:389,11,0,0
BRDA:389,11,1,0
BRDA:391,12,0,0
BRDA:391,12,1,0
BRF:26
BRH:0
end_of_record
TN:
SF:app/(driver)/settings/index.tsx
FN:40,(anonymous_0)
FN:52,(anonymous_1)
FN:56,(anonymous_2)
FN:65,(anonymous_3)
FN:73,(anonymous_4)
FN:96,(anonymous_5)
FN:114,(anonymous_6)
FN:141,(anonymous_7)
FN:149,(anonymous_8)
FN:167,(anonymous_9)
FN:183,(anonymous_10)
FN:192,(anonymous_11)
FN:240,(anonymous_12)
FN:260,(anonymous_13)
FN:288,(anonymous_14)
FN:306,(anonymous_15)
FN:329,(anonymous_16)
FN:354,(anonymous_17)
FN:362,(anonymous_18)
FN:382,(anonymous_19)
FN:400,(anonymous_20)
FN:420,(anonymous_21)
FN:428,(anonymous_22)
FN:446,(anonymous_23)
FN:466,(anonymous_24)
FN:486,(anonymous_25)
FN:494,(anonymous_26)
FN:514,(anonymous_27)
FN:540,(anonymous_28)
FNF:29
FNH:0
FNDA:0,(anonymous_0)
FNDA:0,(anonymous_1)
FNDA:0,(anonymous_2)
FNDA:0,(anonymous_3)
FNDA:0,(anonymous_4)
FNDA:0,(anonymous_5)
FNDA:0,(anonymous_6)
FNDA:0,(anonymous_7)
FNDA:0,(anonymous_8)
FNDA:0,(anonymous_9)
FNDA:0,(anonymous_10)
FNDA:0,(anonymous_11)
FNDA:0,(anonymous_12)
FNDA:0,(anonymous_13)
FNDA:0,(anonymous_14)
FNDA:0,(anonymous_15)
FNDA:0,(anonymous_16)
FNDA:0,(anonymous_17)
FNDA:0,(anonymous_18)
FNDA:0,(anonymous_19)
FNDA:0,(anonymous_20)
FNDA:0,(anonymous_21)
FNDA:0,(anonymous_22)
FNDA:0,(anonymous_23)
FNDA:0,(anonymous_24)
FNDA:0,(anonymous_25)
FNDA:0,(anonymous_26)
FNDA:0,(anonymous_27)
FNDA:0,(anonymous_28)
DA:18,0
DA:40,0
DA:41,0
DA:43,0
DA:45,0
DA:47,0
DA:48,0
DA:49,0
DA:50,0
DA:52,0
DA:53,0
DA:54,0
DA:56,0
DA:59,0
DA:61,0
DA:65,0
DA:73,0
DA:96,0
DA:114,0
DA:141,0
DA:149,0
DA:167,0
DA:192,0
DA:240,0
DA:260,0
DA:288,0
DA:306,0
DA:329,0
DA:354,0
DA:363,0
DA:382,0
DA:400,0
DA:420,0
DA:428,0
DA:447,0
DA:466,0
DA:486,0
DA:495,0
DA:515,0
DA:536,0
DA:540,0
LF:41
LH:0
BRDA:131,0,0,0
BRDA:131,0,1,0
BRDA:185,1,0,0
BRDA:185,1,1,0
BRDA:215,2,0,0
BRDA:215,2,1,0
BRDA:235,3,0,0
BRDA:235,3,1,0
BRDA:283,4,0,0
BRDA:283,4,1,0
BRF:10
BRH:0
end_of_record
TN:
SF:app/(emergency)/index.tsx
FN:28,(anonymous_0)
FN:37,(anonymous_1)
FN:54,(anonymous_2)
FN:63,(anonymous_3)
FN:64,(anonymous_4)
FN:72,(anonymous_5)
FN:76,(anonymous_6)
FN:85,(anonymous_7)
FN:131,(anonymous_8)
FN:147,(anonymous_9)
FN:156,(anonymous_10)
FN:174,(anonymous_11)
FN:182,(anonymous_12)
FN:207,(anonymous_13)
FN:219,(anonymous_14)
FN:232,(anonymous_15)
FNF:16
FNH:0
FNDA:0,(anonymous_0)
FNDA:0,(anonymous_1)
FNDA:0,(anonymous_2)
FNDA:0,(anonymous_3)
FNDA:0,(anonymous_4)
FNDA:0,(anonymous_5)
FNDA:0,(anonymous_6)
FNDA:0,(anonymous_7)
FNDA:0,(anonymous_8)
FNDA:0,(anonymous_9)
FNDA:0,(anonymous_10)
FNDA:0,(anonymous_11)
FNDA:0,(anonymous_12)
FNDA:0,(anonymous_13)
FNDA:0,(anonymous_14)
FNDA:0,(anonymous_15)
DA:13,0
DA:28,0
DA:29,0
DA:30,0
DA:31,0
DA:37,0
DA:38,0
DA:39,0
DA:40,0
DA:43,0
DA:48,0
DA:49,0
DA:50,0
DA:51,0
DA:54,0
DA:55,0
DA:64,0
DA:65,0
DA:72,0
DA:73,0
DA:76,0
DA:77,0
DA:86,0
DA:97,0
DA:131,0
DA:147,0
DA:175,0
DA:183,0
DA:208,0
DA:220,0
DA:233,0
LF:31
LH:0
BRDA:38,0,0,0
BRDA:38,0,1,0
BRDA:38,1,0,0
BRDA:38,1,1,0
BRDA:135,2,0,0
BRDA:135,2,1,0
BRDA:140,3,0,0
BRDA:140,3,1,0
BRDA:140,4,0,0
BRDA:140,4,1,0
BRDA:196,5,0,0
BRDA:196,5,1,0
BRF:12
BRH:0
end_of_record
TN:
SF:app/(marketplace)/_layout.tsx
FN:3,(anonymous_0)
FNF:1
FNH:0
FNDA:0,(anonymous_0)
DA:3,0
DA:4,0
LF:2
LH:0
BRF:0
BRH:0
end_of_record
TN:
SF:app/(marketplace)/index.tsx
FN:92,(anonymous_0)
FN:96,(anonymous_1)
FN:106,(anonymous_2)
FN:141,(anonymous_3)
FN:144,(anonymous_4)
FN:186,(anonymous_5)
FN:189,(anonymous_6)
FNF:7
FNH:0
FNDA:0,(anonymous_0)
FNDA:0,(anonymous_1)
FNDA:0,(anonymous_2)
FNDA:0,(anonymous_3)
FNDA:0,(anonymous_4)
FNDA:0,(anonymous_5)
FNDA:0,(anonymous_6)
DA:13,0
DA:82,0
DA:92,0
DA:93,0
DA:94,0
DA:96,0
DA:98,0
DA:101,0
DA:103,0
DA:106,0
DA:107,0
DA:110,0
DA:144,0
DA:189,0
LF:14
LH:0
BRDA:98,0,0,0
BRDA:98,0,1,0
BRDA:101,1,0,0
BRDA:101,1,1,0
BRDA:103,2,0,0
BRDA:103,2,1,0
BRDA:146,3,0,0
BRDA:146,3,1,0
BRDA:154,4,0,0
BRDA:154,4,1,0
BRDA:170,5,0,0
BRDA:170,5,1,0
BRDA:175,6,0,0
BRDA:175,6,1,0
BRDA:201,7,0,0
BRDA:201,7,1,0
BRDA:205,8,0,0
BRDA:205,8,1,0
BRF:18
BRH:0
end_of_record
TN:
SF:app/(marketplace)/checkout/index.tsx
FN:45,(anonymous_0)
FN:53,(anonymous_1)
FN:60,(anonymous_2)
FN:67,(anonymous_3)
FN:73,(anonymous_4)
FN:92,(anonymous_5)
FN:148,(anonymous_6)
FN:151,(anonymous_7)
FN:177,(anonymous_8)
FN:195,(anonymous_9)
FNF:10
FNH:0
FNDA:0,(anonymous_0)
FNDA:0,(anonymous_1)
FNDA:0,(anonymous_2)
FNDA:0,(anonymous_3)
FNDA:0,(anonymous_4)
FNDA:0,(anonymous_5)
FNDA:0,(anonymous_6)
FNDA:0,(anonymous_7)
FNDA:0,(anonymous_8)
FNDA:0,(anonymous_9)
DA:14,0
DA:38,0
DA:45,0
DA:46,0
DA:47,0
DA:50,0
DA:52,0
DA:53,0
DA:56,0
DA:57,0
DA:58,0
DA:60,0
DA:61,0
DA:67,0
DA:73,0
DA:74,0
DA:77,0
DA:151,0
DA:177,0
DA:195,0
LF:20
LH:0
BRDA:153,0,0,0
BRDA:153,0,1,0
BRDA:160,1,0,0
BRDA:160,1,1,0
BRDA:165,2,0,0
BRDA:165,2,1,0
BRDA:179,3,0,0
BRDA:179,3,1,0
BRDA:189,4,0,0
BRDA:189,4,1,0
BRDA:197,5,0,0
BRDA:197,5,1,0
BRDA:207,6,0,0
BRDA:207,6,1,0
BRF:14
BRH:0
end_of_record
TN:
SF:app/(marketplace)/stores/[storeId].tsx
FN:77,(anonymous_0)
FN:82,(anonymous_1)
FN:85,(anonymous_2)
FN:88,(anonymous_3)
FN:90,(anonymous_4)
FN:92,(anonymous_5)
FN:97,(anonymous_6)
FN:113,(anonymous_7)
FN:168,(anonymous_8)
FN:171,(anonymous_9)
FN:195,(anonymous_10)
FN:223,(anonymous_11)
FNF:12
FNH:0
FNDA:0,(anonymous_0)
FNDA:0,(anonymous_1)
FNDA:0,(anonymous_2)
FNDA:0,(anonymous_3)
FNDA:0,(anonymous_4)
FNDA:0,(anonymous_5)
FNDA:0,(anonymous_6)
FNDA:0,(anonymous_7)
FNDA:0,(anonymous_8)
FNDA:0,(anonymous_9)
FNDA:0,(anonymous_10)
FNDA:0,(anonymous_11)
DA:7,0
DA:22,0
DA:29,0
DA:77,0
DA:78,0
DA:79,0
DA:81,0
DA:82,0
DA:84,0
DA:85,0
DA:88,0
DA:90,0
DA:91,0
DA:92,0
DA:95,0
DA:96,0
DA:98,0
DA:104,0
DA:107,0
DA:113,0
DA:114,0
DA:117,0
DA:171,0
DA:223,0
LF:24
LH:0
BRDA:95,0,0,0
BRDA:95,0,1,0
BRDA:98,1,0,0
BRDA:98,1,1,0
BRDA:129,2,0,0
BRDA:129,2,1,0
BRDA:133,3,0,0
BRDA:133,3,1,0
BRDA:173,4,0,0
BRDA:173,4,1,0
BRDA:180,5,0,0
BRDA:180,5,1,0
BRDA:205,6,0,0
BRDA:205,6,1,0
BRDA:238,7,0,0
BRDA:238,7,1,0
BRF:16
BRH:0
end_of_record
TN:
SF:app/(onboarding)/_layout.tsx
FN:6,OnboardingLayout
FN:11,(anonymous_1)
FNF:2
FNH:0
FNDA:0,OnboardingLayout
FNDA:0,(anonymous_1)
DA:7,0
DA:9,0
DA:11,0
DA:12,0
DA:20,0
LF:5
LH:0
BRF:0
BRH:0
end_of_record
TN:
SF:app/(onboarding)/city-selection.tsx
FN:34,CitySelection
FN:55,(anonymous_1)
FN:57,(anonymous_2)
FN:63,(anonymous_3)
FN:68,(anonymous_4)
FN:116,(anonymous_5)
FN:166,(anonymous_6)
FN:169,(anonymous_7)
FNF:8
FNH:0
FNDA:0,CitySelection
FNDA:0,(anonymous_1)
FNDA:0,(anonymous_2)
FNDA:0,(anonymous_3)
FNDA:0,(anonymous_4)
FNDA:0,(anonymous_5)
FNDA:0,(anonymous_6)
FNDA:0,(anonymous_7)
DA:13,0
DA:35,0
DA:46,0
DA:47,0
DA:48,0
DA:49,0
DA:53,0
DA:55,0
DA:56,0
DA:57,0
DA:58,0
DA:60,0
DA:63,0
DA:64,0
DA:65,0
DA:68,0
DA:69,0
DA:70,0
DA:71,0
DA:74,0
DA:75,0
DA:76,0
DA:78,0
DA:81,0
DA:84,0
DA:94,0
DA:96,0
DA:97,0
DA:98,0
DA:100,0
DA:103,0
DA:104,0
DA:105,0
DA:107,0
DA:111,0
DA:117,0
DA:118,0
DA:169,0
LF:38
LH:0
BRDA:53,0,0,0
BRDA:53,0,1,0
BRDA:53,1,0,0
BRDA:53,1,1,0
BRDA:69,2,0,0
BRDA:69,2,1,0
BRDA:96,3,0,0
BRDA:96,3,1,0
BRDA:100,4,0,0
BRDA:100,4,1,0
BRDA:104,5,0,0
BRDA:104,5,1,0
BRDA:105,6,0,0
BRDA:105,6,1,0
BRDA:171,7,0,0
BRDA:171,7,1,0
BRF:16
BRH:0
end_of_record
TN:
SF:app/(onboarding)/completion-success.tsx
FN:8,CompletionSuccess
FN:11,(anonymous_1)
FN:13,(anonymous_2)
FN:16,(anonymous_3)
FNF:4
FNH:0
FNDA:0,CompletionSuccess
FNDA:0,(anonymous_1)
FNDA:0,(anonymous_2)
FNDA:0,(anonymous_3)
DA:9,0
DA:11,0
DA:12,0
DA:13,0
DA:16,0
DA:19,0
LF:6
LH:0
BRF:0
BRH:0
end_of_record
TN:
SF:app/(onboarding)/country-selection.tsx
FN:138,LocationSelection
FN:163,(anonymous_1)
FN:194,(anonymous_2)
FN:206,(anonymous_3)
FN:208,(anonymous_4)
FN:218,(anonymous_5)
FN:225,(anonymous_6)
FN:231,(anonymous_7)
FN:237,(anonymous_8)
FN:243,(anonymous_9)
FN:263,(anonymous_10)
FN:271,(anonymous_11)
FN:277,(anonymous_12)
FN:287,(anonymous_13)
FN:299,(anonymous_14)
FN:387,(anonymous_15)
FN:405,(anonymous_16)
FN:448,(anonymous_17)
FN:449,(anonymous_18)
FN:464,(anonymous_19)
FN:465,(anonymous_20)
FN:479,(anonymous_21)
FN:480,(anonymous_22)
FNF:23
FNH:0
FNDA:0,LocationSelection
FNDA:0,(anonymous_1)
FNDA:0,(anonymous_2)
FNDA:0,(anonymous_3)
FNDA:0,(anonymous_4)
FNDA:0,(anonymous_5)
FNDA:0,(anonymous_6)
FNDA:0,(anonymous_7)
FNDA:0,(anonymous_8)
FNDA:0,(anonymous_9)
FNDA:0,(anonymous_10)
FNDA:0,(anonymous_11)
FNDA:0,(anonymous_12)
FNDA:0,(anonymous_13)
FNDA:0,(anonymous_14)
FNDA:0,(anonymous_15)
FNDA:0,(anonymous_16)
FNDA:0,(anonymous_17)
FNDA:0,(anonymous_18)
FNDA:0,(anonymous_19)
FNDA:0,(anonymous_20)
FNDA:0,(anonymous_21)
FNDA:0,(anonymous_22)
DA:14,0
DA:77,0
DA:139,0
DA:151,0
DA:153,0
DA:154,0
DA:155,0
DA:156,0
DA:157,0
DA:158,0
DA:161,0
DA:163,0
DA:164,0
DA:165,0
DA:173,0
DA:174,0
DA:175,0
DA:180,0
DA:183,0
DA:184,0
DA:189,0
DA:194,0
DA:195,0
DA:196,0
DA:197,0
DA:202,0
DA:206,0
DA:207,0
DA:208,0
DA:209,0
DA:210,0
DA:211,0
DA:212,0
DA:213,0
DA:218,0
DA:219,0
DA:220,0
DA:221,0
DA:225,0
DA:226,0
DA:227,0
DA:228,0
DA:231,0
DA:232,0
DA:233,0
DA:234,0
DA:237,0
DA:238,0
DA:239,0
DA:240,0
DA:243,0
DA:244,0
DA:245,0
DA:246,0
DA:247,0
DA:248,0
DA:252,0
DA:254,0
DA:255,0
DA:259,0
DA:260,0
DA:262,0
DA:263,0
DA:265,0
DA:266,0
DA:269,0
DA:270,0
DA:272,0
DA:274,0
DA:275,0
DA:277,0
DA:279,0
DA:283,0
DA:284,0
DA:285,0
DA:287,0
DA:289,0
DA:293,0
DA:295,0
DA:299,0
DA:300,0
DA:301,0
DA:302,0
DA:307,0
DA:308,0
DA:309,0
DA:312,0
DA:313,0
DA:314,0
DA:316,0
DA:323,0
DA:330,0
DA:340,0
DA:342,0
DA:349,0
DA:350,0
DA:353,0
DA:359,0
DA:360,0
DA:362,0
DA:367,0
DA:369,0
DA:372,0
DA:375,0
DA:380,0
DA:381,0
DA:387,0
DA:391,0
DA:394,0
DA:395,0
DA:397,0
DA:401,0
DA:405,0
DA:448,0
DA:449,0
DA:464,0
DA:465,0
DA:479,0
DA:480,0
DA:500,0
DA:501,0
DA:506,0
LF:122
LH:0
BRDA:173,0,0,0
BRDA:173,0,1,0
BRDA:173,0,2,0
BRDA:174,1,0,0
BRDA:174,1,1,0
BRDA:183,2,0,0
BRDA:183,2,1,0
BRDA:195,3,0,0
BRDA:195,3,1,0
BRDA:196,4,0,0
BRDA:196,4,1,0
BRDA:207,5,0,0
BRDA:207,5,1,0
BRDA:209,6,0,0
BRDA:209,6,1,0
BRDA:219,7,0,0
BRDA:219,7,1,0
BRDA:219,8,0,0
BRDA:219,8,1,0
BRDA:247,9,0,0
BRDA:247,9,1,0
BRDA:260,10,0,0
BRDA:260,10,1,0
BRDA:263,11,0,0
BRDA:263,11,1,0
BRDA:265,12,0,0
BRDA:265,12,1,0
BRDA:269,13,0,0
BRDA:269,13,1,0
BRDA:272,14,0,0
BRDA:272,14,1,0
BRDA:274,15,0,0
BRDA:274,15,1,0
BRDA:275,16,0,0
BRDA:275,16,1,0
BRDA:277,17,0,0
BRDA:277,17,1,0
BRDA:279,18,0,0
BRDA:279,18,1,0
BRDA:283,19,0,0
BRDA:283,19,1,0
BRDA:283,20,0,0
BRDA:283,20,1,0
BRDA:284,21,0,0
BRDA:284,21,1,0
BRDA:284,21,2,0
BRDA:285,22,0,0
BRDA:285,22,1,0
BRDA:285,23,0,0
BRDA:285,23,1,0
BRDA:287,24,0,0
BRDA:287,24,1,0
BRDA:289,25,0,0
BRDA:289,25,1,0
BRDA:300,26,0,0
BRDA:300,26,1,0
BRDA:307,27,0,0
BRDA:307,27,1,0
BRDA:342,28,0,0
BRDA:342,28,1,0
BRDA:342,28,2,0
BRDA:342,28,3,0
BRDA:342,28,4,0
BRDA:342,28,5,0
BRDA:346,29,0,0
BRDA:346,29,1,0
BRDA:347,30,0,0
BRDA:347,30,1,0
BRDA:349,31,0,0
BRDA:349,31,1,0
BRDA:369,32,0,0
BRDA:369,32,1,0
BRDA:375,33,0,0
BRDA:375,33,1,0
BRDA:376,34,0,0
BRDA:376,34,1,0
BRDA:376,34,2,0
BRDA:394,35,0,0
BRDA:394,35,1,0
BRDA:395,36,0,0
BRDA:395,36,1,0
BRDA:434,37,0,0
BRDA:434,37,1,0
BRDA:467,38,0,0
BRDA:467,38,1,0
BRDA:482,39,0,0
BRDA:482,39,1,0
BRDA:490,40,0,0
BRDA:490,40,1,0
BRDA:500,41,0,0
BRDA:500,41,1,0
BRF:91
BRH:0
end_of_record
TN:
SF:app/(onboarding)/index.tsx
FN:9,OnboardingIndex
FN:15,(anonymous_1)
FNF:2
FNH:0
FNDA:0,OnboardingIndex
FNDA:0,(anonymous_1)
DA:10,0
DA:13,0
DA:15,0
DA:16,0
DA:22,0
DA:23,0
DA:30,0
DA:31,0
DA:32,0
DA:36,0
DA:37,0
DA:45,0
DA:53,0
DA:58,0
DA:59,0
DA:66,0
LF:16
LH:0
BRDA:25,0,0,0
BRDA:25,0,1,0
BRDA:30,1,0,0
BRDA:30,1,1,0
BRDA:36,2,0,0
BRDA:36,2,1,0
BRDA:53,3,0,0
BRDA:53,3,1,0
BRDA:53,4,0,0
BRDA:53,4,1,0
BRDA:53,4,2,0
BRDA:58,5,0,0
BRDA:58,5,1,0
BRF:13
BRH:0
end_of_record
TN:
SF:app/(onboarding)/personal-info.tsx
FN:20,(anonymous_0)
FN:29,(anonymous_1)
FN:53,PersonalInfo
FN:79,(anonymous_3)
FN:81,(anonymous_4)
FN:84,(anonymous_5)
FN:100,(anonymous_6)
FN:104,(anonymous_7)
FN:109,(anonymous_8)
FN:113,(anonymous_9)
FN:114,(anonymous_10)
FN:117,(anonymous_11)
FN:119,(anonymous_12)
FN:123,(anonymous_13)
FN:202,(anonymous_14)
FN:226,(anonymous_15)
FN:261,(anonymous_16)
FN:307,(anonymous_17)
FN:320,(anonymous_18)
FN:333,(anonymous_19)
FNF:20
FNH:0
FNDA:0,(anonymous_0)
FNDA:0,(anonymous_1)
FNDA:0,PersonalInfo
FNDA:0,(anonymous_3)
FNDA:0,(anonymous_4)
FNDA:0,(anonymous_5)
FNDA:0,(anonymous_6)
FNDA:0,(anonymous_7)
FNDA:0,(anonymous_8)
FNDA:0,(anonymous_9)
FNDA:0,(anonymous_10)
FNDA:0,(anonymous_11)
FNDA:0,(anonymous_12)
FNDA:0,(anonymous_13)
FNDA:0,(anonymous_14)
FNDA:0,(anonymous_15)
FNDA:0,(anonymous_16)
FNDA:0,(anonymous_17)
FNDA:0,(anonymous_18)
FNDA:0,(anonymous_19)
DA:20,0
DA:27,0
DA:29,0
DA:30,0
DA:31,0
DA:32,0
DA:36,0
DA:51,0
DA:54,0
DA:66,0
DA:68,0
DA:74,0
DA:77,0
DA:79,0
DA:80,0
DA:81,0
DA:84,0
DA:85,0
DA:86,0
DA:87,0
DA:88,0
DA:89,0
DA:90,0
DA:91,0
DA:92,0
DA:93,0
DA:94,0
DA:95,0
DA:97,0
DA:100,0
DA:101,0
DA:104,0
DA:105,0
DA:106,0
DA:107,0
DA:108,0
DA:109,0
DA:113,0
DA:114,0
DA:117,0
DA:118,0
DA:119,0
DA:120,0
DA:123,0
DA:125,0
DA:126,0
DA:127,0
DA:131,0
DA:132,0
DA:133,0
DA:137,0
DA:138,0
DA:141,0
DA:142,0
DA:143,0
DA:145,0
DA:148,0
DA:155,0
DA:165,0
DA:168,0
DA:175,0
DA:176,0
DA:177,0
DA:179,0
DA:180,0
DA:182,0
DA:187,0
DA:190,0
DA:195,0
DA:196,0
DA:202,0
DA:206,0
DA:207,0
DA:210,0
DA:211,0
DA:215,0
DA:217,0
DA:221,0
DA:227,0
DA:228,0
DA:262,0
DA:307,0
DA:320,0
DA:333,0
LF:84
LH:0
BRDA:27,0,0,0
BRDA:27,0,1,0
BRDA:31,1,0,0
BRDA:31,1,1,0
BRDA:69,2,0,0
BRDA:69,2,1,0
BRDA:70,3,0,0
BRDA:70,3,1,0
BRDA:71,4,0,0
BRDA:71,4,1,0
BRDA:75,5,0,0
BRDA:75,5,1,0
BRDA:86,6,0,0
BRDA:86,6,1,0
BRDA:92,7,0,0
BRDA:92,7,1,0
BRDA:93,8,0,0
BRDA:93,8,1,0
BRDA:94,9,0,0
BRDA:94,9,1,0
BRDA:105,10,0,0
BRDA:105,10,1,0
BRDA:106,11,0,0
BRDA:106,11,1,0
BRDA:125,12,0,0
BRDA:125,12,1,0
BRDA:125,13,0,0
BRDA:125,13,1,0
BRDA:125,13,2,0
BRDA:132,14,0,0
BRDA:132,14,1,0
BRDA:168,15,0,0
BRDA:168,15,1,0
BRDA:168,15,2,0
BRDA:168,15,3,0
BRDA:168,15,4,0
BRDA:168,15,5,0
BRDA:172,16,0,0
BRDA:172,16,1,0
BRDA:173,17,0,0
BRDA:173,17,1,0
BRDA:175,18,0,0
BRDA:175,18,1,0
BRDA:183,19,0,0
BRDA:183,19,1,0
BRDA:190,20,0,0
BRDA:190,20,1,0
BRDA:191,21,0,0
BRDA:191,21,1,0
BRDA:191,21,2,0
BRDA:210,22,0,0
BRDA:210,22,1,0
BRDA:213,23,0,0
BRDA:213,23,1,0
BRDA:268,24,0,0
BRDA:268,24,1,0
BRDA:270,25,0,0
BRDA:270,25,1,0
BRDA:288,26,0,0
BRDA:288,26,1,0
BRDA:291,27,0,0
BRDA:291,27,1,0
BRDA:309,28,0,0
BRDA:309,28,1,0
BRDA:322,29,0,0
BRDA:322,29,1,0
BRDA:335,30,0,0
BRDA:335,30,1,0
BRDA:353,31,0,0
BRDA:353,31,1,0
BRDA:353,31,2,0
BRDA:353,31,3,0
BRF:72
BRH:0
end_of_record
TN:
SF:app/(onboarding)/phone-verification.tsx
FN:11,PhoneVerification
FN:43,(anonymous_1)
FN:99,(anonymous_2)
FN:113,(anonymous_3)
FN:124,(anonymous_4)
FNF:5
FNH:0
FNDA:0,PhoneVerification
FNDA:0,(anonymous_1)
FNDA:0,(anonymous_2)
FNDA:0,(anonymous_3)
FNDA:0,(anonymous_4)
DA:12,0
DA:24,0
DA:25,0
DA:28,0
DA:39,0
DA:43,0
DA:44,0
DA:45,0
DA:46,0
DA:48,0
DA:49,0
DA:55,0
DA:63,0
DA:66,0
DA:73,0
DA:74,0
DA:75,0
DA:78,0
DA:79,0
DA:81,0
DA:84,0
DA:87,0
DA:92,0
DA:93,0
DA:99,0
DA:103,0
DA:106,0
DA:107,0
DA:109,0
DA:113,0
DA:114,0
DA:115,0
DA:116,0
DA:119,0
DA:125,0
DA:126,0
LF:36
LH:0
BRDA:39,0,0,0
BRDA:39,0,1,0
BRDA:39,1,0,0
BRDA:39,1,1,0
BRDA:48,2,0,0
BRDA:48,2,1,0
BRDA:66,3,0,0
BRDA:66,3,1,0
BRDA:66,3,2,0
BRDA:66,3,3,0
BRDA:66,3,4,0
BRDA:66,3,5,0
BRDA:70,4,0,0
BRDA:70,4,1,0
BRDA:71,5,0,0
BRDA:71,5,1,0
BRDA:73,6,0,0
BRDA:73,6,1,0
BRDA:81,7,0,0
BRDA:81,7,1,0
BRDA:87,8,0,0
BRDA:87,8,1,0
BRDA:88,9,0,0
BRDA:88,9,1,0
BRDA:88,9,2,0
BRDA:106,10,0,0
BRDA:106,10,1,0
BRDA:107,11,0,0
BRDA:107,11,1,0
BRF:29
BRH:0
end_of_record
TN:
SF:app/(onboarding)/profile-completion.tsx
FN:12,ProfileCompletion
FN:34,(anonymous_1)
FN:36,(anonymous_2)
FN:39,(anonymous_3)
FN:133,(anonymous_4)
FN:152,(anonymous_5)
FN:190,(anonymous_6)
FN:228,(anonymous_7)
FN:238,(anonymous_8)
FN:249,(anonymous_9)
FNF:10
FNH:0
FNDA:0,ProfileCompletion
FNDA:0,(anonymous_1)
FNDA:0,(anonymous_2)
FNDA:0,(anonymous_3)
FNDA:0,(anonymous_4)
FNDA:0,(anonymous_5)
FNDA:0,(anonymous_6)
FNDA:0,(anonymous_7)
FNDA:0,(anonymous_8)
FNDA:0,(anonymous_9)
DA:13,0
DA:25,0
DA:27,0
DA:34,0
DA:35,0
DA:36,0
DA:39,0
DA:40,0
DA:41,0
DA:42,0
DA:44,0
DA:47,0
DA:52,0
DA:57,0
DA:61,0
DA:66,0
DA:75,0
DA:81,0
DA:90,0
DA:100,0
DA:103,0
DA:110,0
DA:111,0
DA:112,0
DA:113,0
DA:115,0
DA:118,0
DA:121,0
DA:126,0
DA:127,0
DA:133,0
DA:137,0
DA:140,0
DA:141,0
DA:143,0
DA:147,0
DA:153,0
DA:154,0
DA:190,0
DA:229,0
DA:239,0
DA:250,0
LF:42
LH:0
BRDA:28,0,0,0
BRDA:28,0,1,0
BRDA:47,1,0,0
BRDA:47,1,1,0
BRDA:48,2,0,0
BRDA:48,2,1,0
BRDA:48,2,2,0
BRDA:52,3,0,0
BRDA:52,3,1,0
BRDA:53,4,0,0
BRDA:53,4,1,0
BRDA:53,4,2,0
BRDA:66,5,0,0
BRDA:66,5,1,0
BRDA:94,6,0,0
BRDA:94,6,1,0
BRDA:103,7,0,0
BRDA:103,7,1,0
BRDA:103,7,2,0
BRDA:103,7,3,0
BRDA:103,7,4,0
BRDA:103,7,5,0
BRDA:107,8,0,0
BRDA:107,8,1,0
BRDA:108,9,0,0
BRDA:108,9,1,0
BRDA:110,10,0,0
BRDA:110,10,1,0
BRDA:115,11,0,0
BRDA:115,11,1,0
BRDA:121,12,0,0
BRDA:121,12,1,0
BRDA:122,13,0,0
BRDA:122,13,1,0
BRDA:122,13,2,0
BRDA:140,14,0,0
BRDA:140,14,1,0
BRDA:141,15,0,0
BRDA:141,15,1,0
BRF:39
BRH:0
end_of_record
TN:
SF:app/(onboarding)/state-selection.tsx
FN:41,StateSelection
FN:62,(anonymous_1)
FN:67,(anonymous_2)
FN:73,(anonymous_3)
FN:78,(anonymous_4)
FN:126,(anonymous_5)
FN:176,(anonymous_6)
FN:179,(anonymous_7)
FNF:8
FNH:0
FNDA:0,StateSelection
FNDA:0,(anonymous_1)
FNDA:0,(anonymous_2)
FNDA:0,(anonymous_3)
FNDA:0,(anonymous_4)
FNDA:0,(anonymous_5)
FNDA:0,(anonymous_6)
FNDA:0,(anonymous_7)
DA:13,0
DA:42,0
DA:53,0
DA:54,0
DA:55,0
DA:56,0
DA:60,0
DA:62,0
DA:63,0
DA:67,0
DA:68,0
DA:70,0
DA:73,0
DA:74,0
DA:75,0
DA:78,0
DA:79,0
DA:80,0
DA:81,0
DA:84,0
DA:85,0
DA:86,0
DA:88,0
DA:91,0
DA:94,0
DA:104,0
DA:106,0
DA:107,0
DA:108,0
DA:110,0
DA:113,0
DA:114,0
DA:115,0
DA:117,0
DA:121,0
DA:127,0
DA:128,0
DA:179,0
LF:38
LH:0
BRDA:60,0,0,0
BRDA:60,0,1,0
BRDA:60,1,0,0
BRDA:60,1,1,0
BRDA:79,2,0,0
BRDA:79,2,1,0
BRDA:106,3,0,0
BRDA:106,3,1,0
BRDA:110,4,0,0
BRDA:110,4,1,0
BRDA:114,5,0,0
BRDA:114,5,1,0
BRDA:115,6,0,0
BRDA:115,6,1,0
BRDA:181,7,0,0
BRDA:181,7,1,0
BRF:16
BRH:0
end_of_record
TN:
SF:app/(onboarding)/travel-preferences.tsx
FN:30,TravelPreferences
FN:59,(anonymous_1)
FN:63,(anonymous_2)
FN:66,(anonymous_3)
FN:70,(anonymous_4)
FN:76,(anonymous_5)
FN:119,(anonymous_6)
FN:141,(anonymous_7)
FN:177,(anonymous_8)
FN:182,(anonymous_9)
FN:196,(anonymous_10)
FN:201,(anonymous_11)
FN:215,(anonymous_12)
FN:215,(anonymous_13)
FN:225,(anonymous_14)
FN:225,(anonymous_15)
FNF:16
FNH:0
FNDA:0,TravelPreferences
FNDA:0,(anonymous_1)
FNDA:0,(anonymous_2)
FNDA:0,(anonymous_3)
FNDA:0,(anonymous_4)
FNDA:0,(anonymous_5)
FNDA:0,(anonymous_6)
FNDA:0,(anonymous_7)
FNDA:0,(anonymous_8)
FNDA:0,(anonymous_9)
FNDA:0,(anonymous_10)
FNDA:0,(anonymous_11)
FNDA:0,(anonymous_12)
FNDA:0,(anonymous_13)
FNDA:0,(anonymous_14)
FNDA:0,(anonymous_15)
DA:12,0
DA:24,0
DA:31,0
DA:43,0
DA:45,0
DA:59,0
DA:62,0
DA:63,0
DA:66,0
DA:69,0
DA:70,0
DA:76,0
DA:77,0
DA:78,0
DA:79,0
DA:81,0
DA:84,0
DA:96,0
DA:101,0
DA:102,0
DA:104,0
DA:107,0
DA:112,0
DA:113,0
DA:119,0
DA:123,0
DA:126,0
DA:127,0
DA:132,0
DA:136,0
DA:142,0
DA:143,0
DA:177,0
DA:183,0
DA:196,0
DA:202,0
DA:215,0
DA:225,0
LF:38
LH:0
BRDA:46,0,0,0
BRDA:46,0,1,0
BRDA:51,1,0,0
BRDA:51,1,1,0
BRDA:55,2,0,0
BRDA:55,2,1,0
BRDA:56,3,0,0
BRDA:56,3,1,0
BRDA:107,4,0,0
BRDA:107,4,1,0
BRDA:108,5,0,0
BRDA:108,5,1,0
BRDA:108,5,2,0
BRDA:126,6,0,0
BRDA:126,6,1,0
BRDA:129,7,0,0
BRDA:129,7,1,0
BRDA:242,8,0,0
BRDA:242,8,1,0
BRF:19
BRH:0
end_of_record
TN:
SF:app/(onboarding)/welcome.tsx
FN:10,Welcome
FN:16,(anonymous_1)
FN:22,(anonymous_2)
FNF:3
FNH:0
FNDA:0,Welcome
FNDA:0,(anonymous_1)
FNDA:0,(anonymous_2)
DA:11,0
DA:13,0
DA:14,0
DA:16,0
DA:17,0
DA:19,0
DA:22,0
DA:23,0
DA:25,0
DA:28,0
LF:10
LH:0
BRF:0
BRH:0
end_of_record
TN:
SF:app/(root)/_layout.tsx
FN:3,(anonymous_0)
FNF:1
FNH:0
FNDA:0,(anonymous_0)
DA:3,0
DA:4,0
DA:6,0
LF:3
LH:0
BRF:0
BRH:0
end_of_record
TN:
SF:app/(root)/active-ride.tsx
FN:17,(anonymous_0)
FN:55,(anonymous_1)
FN:90,(anonymous_2)
FN:110,(anonymous_3)
FN:168,(anonymous_4)
FN:217,(anonymous_5)
FNF:6
FNH:0
FNDA:0,(anonymous_0)
FNDA:0,(anonymous_1)
FNDA:0,(anonymous_2)
FNDA:0,(anonymous_3)
FNDA:0,(anonymous_4)
FNDA:0,(anonymous_5)
DA:17,0
DA:18,0
DA:19,0
DA:20,0
DA:23,0
DA:34,0
DA:55,0
DA:56,0
DA:58,0
DA:65,0
DA:72,0
DA:79,0
DA:88,0
DA:90,0
DA:91,0
DA:94,0
DA:95,0
DA:97,0
DA:98,0
DA:99,0
DA:102,0
DA:103,0
DA:105,0
DA:106,0
DA:110,0
DA:111,0
DA:115,0
DA:168,0
DA:217,0
LF:29
LH:0
BRDA:56,0,0,0
BRDA:56,0,1,0
BRDA:56,0,2,0
BRDA:56,0,3,0
BRDA:91,1,0,0
BRDA:91,1,1,0
BRDA:91,1,2,0
BRDA:91,1,3,0
BRDA:143,2,0,0
BRDA:143,2,1,0
BRDA:188,3,0,0
BRDA:188,3,1,0
BRDA:204,4,0,0
BRDA:204,4,1,0
BRF:14
BRH:0
end_of_record
TN:
SF:app/(root)/book-ride.tsx
FN:10,(anonymous_0)
FN:16,(anonymous_1)
FNF:2
FNH:0
FNDA:0,(anonymous_0)
FNDA:0,(anonymous_1)
DA:10,0
DA:11,0
DA:12,0
DA:13,0
DA:15,0
DA:16,0
DA:19,0
LF:7
LH:0
BRF:0
BRH:0
end_of_record
TN:
SF:app/(root)/componentes.tsx
FN:22,(anonymous_0)
FN:37,ComponentesScreen
FN:163,(anonymous_2)
FN:163,(anonymous_3)
FN:172,(anonymous_4)
FN:180,(anonymous_5)
FNF:6
FNH:0
FNDA:0,(anonymous_0)
FNDA:0,ComponentesScreen
FNDA:0,(anonymous_2)
FNDA:0,(anonymous_3)
FNDA:0,(anonymous_4)
FNDA:0,(anonymous_5)
DA:22,0
DA:38,0
DA:40,0
DA:41,0
DA:42,0
DA:43,0
DA:44,0
DA:45,0
DA:46,0
DA:47,0
DA:49,0
DA:163,0
DA:172,0
DA:180,0
LF:14
LH:0
BRDA:162,0,0,0
BRDA:162,0,1,0
BRF:2
BRH:0
end_of_record
TN:
SF:app/(root)/conductor.tsx
FN:25,(anonymous_0)
FN:28,(anonymous_1)
FN:61,(anonymous_2)
FN:62,(anonymous_3)
FN:65,(anonymous_4)
FN:68,(anonymous_5)
FN:78,(anonymous_6)
FN:79,(anonymous_7)
FN:82,(anonymous_8)
FN:86,(anonymous_9)
FN:90,(anonymous_10)
FN:160,(anonymous_11)
FN:187,(anonymous_12)
FN:191,(anonymous_13)
FN:195,(anonymous_14)
FN:199,(anonymous_15)
FN:215,(anonymous_16)
FN:218,(anonymous_17)
FN:232,(anonymous_18)
FN:271,(anonymous_19)
FN:279,(anonymous_20)
FN:294,(anonymous_21)
FNF:22
FNH:0
FNDA:0,(anonymous_0)
FNDA:0,(anonymous_1)
FNDA:0,(anonymous_2)
FNDA:0,(anonymous_3)
FNDA:0,(anonymous_4)
FNDA:0,(anonymous_5)
FNDA:0,(anonymous_6)
FNDA:0,(anonymous_7)
FNDA:0,(anonymous_8)
FNDA:0,(anonymous_9)
FNDA:0,(anonymous_10)
FNDA:0,(anonymous_11)
FNDA:0,(anonymous_12)
FNDA:0,(anonymous_13)
FNDA:0,(anonymous_14)
FNDA:0,(anonymous_15)
FNDA:0,(anonymous_16)
FNDA:0,(anonymous_17)
FNDA:0,(anonymous_18)
FNDA:0,(anonymous_19)
FNDA:0,(anonymous_20)
FNDA:0,(anonymous_21)
DA:25,0
DA:26,0
DA:28,0
DA:54,0
DA:55,0
DA:57,0
DA:58,0
DA:59,0
DA:61,0
DA:62,0
DA:63,0
DA:65,0
DA:68,0
DA:69,0
DA:76,0
DA:78,0
DA:80,0
DA:83,0
DA:84,0
DA:87,0
DA:88,0
DA:89,0
DA:90,0
DA:91,0
DA:93,0
DA:99,0
DA:100,0
DA:105,0
DA:111,0
DA:160,0
DA:161,0
DA:162,0
DA:165,0
DA:166,0
DA:167,0
DA:172,0
DA:177,0
DA:187,0
DA:188,0
DA:191,0
DA:192,0
DA:195,0
DA:196,0
DA:199,0
DA:200,0
DA:201,0
DA:218,0
DA:248,0
DA:271,0
DA:272,0
DA:273,0
DA:279,0
DA:288,0
DA:294,0
DA:303,0
LF:55
LH:0
BRDA:30,0,0,0
BRDA:31,1,0,0
BRDA:32,2,0,0
BRDA:33,3,0,0
BRDA:34,4,0,0
BRDA:41,5,0,0
BRDA:42,6,0,0
BRDA:91,7,0,0
BRDA:91,7,1,0
BRDA:117,8,0,0
BRDA:117,8,1,0
BRDA:136,9,0,0
BRDA:136,9,1,0
BRDA:142,10,0,0
BRDA:142,10,1,0
BRDA:200,11,0,0
BRDA:200,11,1,0
BRDA:206,12,0,0
BRDA:206,12,1,0
BRDA:209,13,0,0
BRDA:209,13,1,0
BRDA:219,14,0,0
BRDA:219,14,1,0
BRDA:222,15,0,0
BRDA:222,15,1,0
BRDA:253,16,0,0
BRDA:253,16,1,0
BRDA:256,17,0,0
BRDA:256,17,1,0
BRDA:272,18,0,0
BRDA:272,18,1,0
BRDA:330,19,0,0
BRDA:330,19,1,0
BRDA:330,19,2,0
BRDA:346,20,0,0
BRDA:346,20,1,0
BRDA:347,21,0,0
BRDA:347,21,1,0
BRDA:353,22,0,0
BRDA:353,22,1,0
BRF:40
BRH:0
end_of_record
TN:
SF:app/(root)/confirm-ride-new.tsx
FN:13,(anonymous_0)
FN:63,(anonymous_1)
FN:66,(anonymous_2)
FN:69,(anonymous_3)
FN:87,(anonymous_4)
FN:167,(anonymous_5)
FN:215,(anonymous_6)
FN:220,(anonymous_7)
FN:235,(anonymous_8)
FN:236,(anonymous_9)
FN:252,(anonymous_10)
FNF:11
FNH:0
FNDA:0,(anonymous_0)
FNDA:0,(anonymous_1)
FNDA:0,(anonymous_2)
FNDA:0,(anonymous_3)
FNDA:0,(anonymous_4)
FNDA:0,(anonymous_5)
FNDA:0,(anonymous_6)
FNDA:0,(anonymous_7)
FNDA:0,(anonymous_8)
FNDA:0,(anonymous_9)
FNDA:0,(anonymous_10)
DA:13,0
DA:14,0
DA:15,0
DA:23,0
DA:26,0
DA:29,0
DA:62,0
DA:63,0
DA:66,0
DA:69,0
DA:70,0
DA:72,0
DA:73,0
DA:74,0
DA:76,0
DA:77,0
DA:80,0
DA:87,0
DA:88,0
DA:89,0
DA:90,0
DA:91,0
DA:92,0
DA:94,0
DA:95,0
DA:96,0
DA:97,0
DA:98,0
DA:101,0
DA:107,0
DA:108,0
DA:109,0
DA:110,0
DA:111,0
DA:112,0
DA:115,0
DA:116,0
DA:120,0
DA:122,0
DA:137,0
DA:143,0
DA:151,0
DA:152,0
DA:156,0
DA:157,0
DA:159,0
DA:161,0
DA:165,0
DA:167,0
DA:177,0
DA:178,0
DA:180,0
DA:216,0
DA:217,0
DA:219,0
DA:221,0
DA:235,0
DA:237,0
DA:248,0
DA:253,0
DA:257,0
LF:61
LH:0
BRDA:70,0,0,0
BRDA:70,0,1,0
BRDA:70,1,0,0
BRDA:70,1,1,0
BRDA:72,2,0,0
BRDA:72,2,1,0
BRDA:94,3,0,0
BRDA:94,3,1,0
BRDA:94,4,0,0
BRDA:94,4,1,0
BRDA:101,5,0,0
BRDA:101,5,1,0
BRDA:102,6,0,0
BRDA:102,6,1,0
BRDA:102,6,2,0
BRDA:102,6,3,0
BRDA:129,7,0,0
BRDA:129,7,1,0
BRDA:190,8,0,0
BRDA:190,8,1,0
BRDA:268,9,0,0
BRDA:268,9,1,0
BRDA:268,9,2,0
BRDA:284,10,0,0
BRDA:284,10,1,0
BRF:25
BRH:0
end_of_record
TN:
SF:app/(root)/confirm-ride.tsx
FN:13,(anonymous_0)
FN:63,(anonymous_1)
FN:66,(anonymous_2)
FN:70,(anonymous_3)
FN:78,(anonymous_4)
FN:78,(anonymous_5)
FN:79,(anonymous_6)
FN:83,(anonymous_7)
FN:101,(anonymous_8)
FN:182,(anonymous_9)
FN:183,(anonymous_10)
FN:184,(anonymous_11)
FN:193,(anonymous_12)
FN:212,(anonymous_13)
FN:226,(anonymous_14)
FN:229,(anonymous_15)
FN:246,(anonymous_16)
FN:247,(anonymous_17)
FN:263,(anonymous_18)
FN:272,(anonymous_19)
FNF:20
FNH:0
FNDA:0,(anonymous_0)
FNDA:0,(anonymous_1)
FNDA:0,(anonymous_2)
FNDA:0,(anonymous_3)
FNDA:0,(anonymous_4)
FNDA:0,(anonymous_5)
FNDA:0,(anonymous_6)
FNDA:0,(anonymous_7)
FNDA:0,(anonymous_8)
FNDA:0,(anonymous_9)
FNDA:0,(anonymous_10)
FNDA:0,(anonymous_11)
FNDA:0,(anonymous_12)
FNDA:0,(anonymous_13)
FNDA:0,(anonymous_14)
FNDA:0,(anonymous_15)
FNDA:0,(anonymous_16)
FNDA:0,(anonymous_17)
FNDA:0,(anonymous_18)
FNDA:0,(anonymous_19)
DA:13,0
DA:14,0
DA:15,0
DA:23,0
DA:26,0
DA:29,0
DA:62,0
DA:63,0
DA:66,0
DA:69,0
DA:70,0
DA:71,0
DA:72,0
DA:73,0
DA:74,0
DA:76,0
DA:78,0
DA:79,0
DA:83,0
DA:84,0
DA:86,0
DA:87,0
DA:88,0
DA:90,0
DA:91,0
DA:94,0
DA:101,0
DA:102,0
DA:103,0
DA:104,0
DA:105,0
DA:106,0
DA:108,0
DA:109,0
DA:110,0
DA:111,0
DA:112,0
DA:115,0
DA:121,0
DA:122,0
DA:123,0
DA:124,0
DA:125,0
DA:126,0
DA:129,0
DA:130,0
DA:134,0
DA:136,0
DA:151,0
DA:157,0
DA:165,0
DA:166,0
DA:170,0
DA:174,0
DA:175,0
DA:176,0
DA:177,0
DA:179,0
DA:181,0
DA:182,0
DA:183,0
DA:184,0
DA:186,0
DA:191,0
DA:193,0
DA:203,0
DA:204,0
DA:208,0
DA:213,0
DA:227,0
DA:228,0
DA:230,0
DA:246,0
DA:248,0
DA:259,0
DA:264,0
DA:268,0
DA:270,0
DA:271,0
DA:273,0
LF:80
LH:0
BRDA:71,0,0,0
BRDA:71,0,1,0
BRDA:71,1,0,0
BRDA:71,1,1,0
BRDA:71,2,0,0
BRDA:71,2,1,0
BRDA:72,3,0,0
BRDA:72,3,1,0
BRDA:73,4,0,0
BRDA:73,4,1,0
BRDA:73,5,0,0
BRDA:73,5,1,0
BRDA:84,6,0,0
BRDA:84,6,1,0
BRDA:84,7,0,0
BRDA:84,7,1,0
BRDA:86,8,0,0
BRDA:86,8,1,0
BRDA:108,9,0,0
BRDA:108,9,1,0
BRDA:108,10,0,0
BRDA:108,10,1,0
BRDA:115,11,0,0
BRDA:115,11,1,0
BRDA:116,12,0,0
BRDA:116,12,1,0
BRDA:116,12,2,0
BRDA:116,12,3,0
BRDA:143,13,0,0
BRDA:143,13,1,0
BRDA:174,14,0,0
BRDA:174,14,1,0
BRDA:174,14,2,0
BRDA:174,14,3,0
BRDA:217,15,0,0
BRDA:217,15,1,0
BRDA:288,16,0,0
BRDA:288,16,1,0
BRDA:288,16,2,0
BRDA:308,17,0,0
BRDA:308,17,1,0
BRDA:323,18,0,0
BRDA:323,18,1,0
BRDA:323,18,2,0
BRF:44
BRH:0
end_of_record
TN:
SF:app/(root)/driver-unified-flow-demo.tsx
FN:34,(anonymous_0)
FN:54,(anonymous_1)
FN:57,(anonymous_2)
FN:68,(anonymous_3)
FN:71,(anonymous_4)
FN:74,(anonymous_5)
FN:77,(anonymous_6)
FN:80,(anonymous_7)
FN:83,(anonymous_8)
FN:84,(anonymous_9)
FN:88,(anonymous_10)
FN:92,(anonymous_11)
FN:97,(anonymous_12)
FN:100,(anonymous_13)
FN:103,(anonymous_14)
FN:106,(anonymous_15)
FN:109,(anonymous_16)
FN:114,(anonymous_17)
FN:117,(anonymous_18)
FN:120,(anonymous_19)
FN:121,(anonymous_20)
FN:124,(anonymous_21)
FN:127,(anonymous_22)
FN:128,(anonymous_23)
FN:131,(anonymous_24)
FN:132,(anonymous_25)
FN:135,(anonymous_26)
FN:146,(anonymous_27)
FN:152,(anonymous_28)
FN:183,(anonymous_29)
FN:204,(anonymous_30)
FN:209,(anonymous_31)
FN:220,DriverUnifiedFlowDemo
FNF:33
FNH:0
FNDA:0,(anonymous_0)
FNDA:0,(anonymous_1)
FNDA:0,(anonymous_2)
FNDA:0,(anonymous_3)
FNDA:0,(anonymous_4)
FNDA:0,(anonymous_5)
FNDA:0,(anonymous_6)
FNDA:0,(anonymous_7)
FNDA:0,(anonymous_8)
FNDA:0,(anonymous_9)
FNDA:0,(anonymous_10)
FNDA:0,(anonymous_11)
FNDA:0,(anonymous_12)
FNDA:0,(anonymous_13)
FNDA:0,(anonymous_14)
FNDA:0,(anonymous_15)
FNDA:0,(anonymous_16)
FNDA:0,(anonymous_17)
FNDA:0,(anonymous_18)
FNDA:0,(anonymous_19)
FNDA:0,(anonymous_20)
FNDA:0,(anonymous_21)
FNDA:0,(anonymous_22)
FNDA:0,(anonymous_23)
FNDA:0,(anonymous_24)
FNDA:0,(anonymous_25)
FNDA:0,(anonymous_26)
FNDA:0,(anonymous_27)
FNDA:0,(anonymous_28)
FNDA:0,(anonymous_29)
FNDA:0,(anonymous_30)
FNDA:0,(anonymous_31)
FNDA:0,DriverUnifiedFlowDemo
DA:34,0
DA:35,0
DA:37,0
DA:54,0
DA:57,0
DA:58,0
DA:59,0
DA:60,0
DA:62,0
DA:66,0
DA:68,0
DA:72,0
DA:75,0
DA:78,0
DA:81,0
DA:83,0
DA:85,0
DA:89,0
DA:93,0
DA:98,0
DA:101,0
DA:104,0
DA:107,0
DA:110,0
DA:115,0
DA:118,0
DA:120,0
DA:122,0
DA:124,0
DA:127,0
DA:129,0
DA:131,0
DA:133,0
DA:136,0
DA:140,0
DA:146,0
DA:149,0
DA:150,0
DA:152,0
DA:153,0
DA:154,0
DA:155,0
DA:159,0
DA:183,0
DA:185,0
DA:187,0
DA:204,0
DA:205,0
DA:209,0
DA:210,0
DA:212,0
DA:221,0
LF:52
LH:0
BRDA:59,0,0,0
BRDA:59,0,1,0
BRDA:153,1,0,0
BRDA:153,1,1,0
BRDA:185,2,0,0
BRDA:185,2,1,0
BRF:6
BRH:0
end_of_record
TN:
SF:app/(root)/find-ride.tsx
FN:11,(anonymous_0)
FN:50,(anonymous_1)
FN:69,(anonymous_2)
FN:80,(anonymous_3)
FN:88,(anonymous_4)
FN:91,(anonymous_5)
FN:113,(anonymous_6)
FNF:7
FNH:0
FNDA:0,(anonymous_0)
FNDA:0,(anonymous_1)
FNDA:0,(anonymous_2)
FNDA:0,(anonymous_3)
FNDA:0,(anonymous_4)
FNDA:0,(anonymous_5)
FNDA:0,(anonymous_6)
DA:11,0
DA:17,0
DA:19,0
DA:22,0
DA:23,0
DA:26,0
DA:50,0
DA:53,0
DA:60,0
DA:69,0
DA:80,0
DA:91,0
DA:114,0
LF:13
LH:0
BRF:0
BRH:0
end_of_record
TN:
SF:app/(root)/map-flows-demo.tsx
FN:12,(anonymous_0)
FN:31,MapFlowsDemo
FNF:2
FNH:0
FNDA:0,(anonymous_0)
FNDA:0,MapFlowsDemo
DA:12,0
DA:13,0
DA:15,0
DA:17,0
DA:19,0
DA:21,0
DA:23,0
DA:25,0
DA:27,0
DA:32,0
LF:10
LH:0
BRDA:13,0,0,0
BRDA:13,0,1,0
BRDA:13,0,2,0
BRDA:13,0,3,0
BRDA:13,0,4,0
BRDA:13,0,5,0
BRDA:13,0,6,0
BRF:7
BRH:0
end_of_record
[...]
FNF:35
FNH:0
FNDA:0,(anonymous_0)
FNDA:0,(anonymous_1)
FNDA:0,(anonymous_2)
FNDA:0,(anonymous_3)
FNDA:0,(anonymous_4)
FNDA:0,(anonymous_5)
FNDA:0,(anonymous_6)
FNDA:0,(anonymous_7)
FNDA:0,(anonymous_8)
FNDA:0,(anonymous_9)
FNDA:0,(anonymous_10)
FNDA:0,(anonymous_11)
FNDA:0,(anonymous_12)
FNDA:0,(anonymous_13)
FNDA:0,(anonymous_14)
FNDA:0,(anonymous_15)
FNDA:0,(anonymous_16)
FNDA:0,(anonymous_17)
FNDA:0,(anonymous_18)
FNDA:0,(anonymous_19)
FNDA:0,(anonymous_20)
FNDA:0,(anonymous_21)
FNDA:0,(anonymous_22)
FNDA:0,(anonymous_23)
FNDA:0,(anonymous_24)
FNDA:0,(anonymous_25)
FNDA:0,(anonymous_26)
FNDA:0,(anonymous_27)
FNDA:0,(anonymous_28)
FNDA:0,(anonymous_29)
FNDA:0,(anonymous_30)
FNDA:0,(anonymous_31)
FNDA:0,(anonymous_32)
FNDA:0,(anonymous_33)
FNDA:0,(anonymous_34)
DA:108,0
DA:130,0
DA:131,0
DA:133,0
DA:134,0
DA:135,0
DA:138,0
DA:143,0
DA:148,0
DA:150,0
DA:151,0
DA:153,0
DA:158,0
DA:159,0
DA:161,0
DA:162,0
DA:163,0
DA:166,0
DA:174,0
DA:176,0
DA:177,0
DA:179,0
DA:184,0
DA:185,0
DA:187,0
DA:188,0
DA:189,0
DA:192,0
DA:225,0
DA:227,0
DA:228,0
DA:230,0
DA:235,0
DA:236,0
DA:238,0
DA:239,0
DA:240,0
DA:243,0
DA:256,0
DA:258,0
DA:259,0
DA:261,0
DA:266,0
DA:267,0
DA:269,0
DA:270,0
DA:271,0
DA:273,0
DA:274,0
DA:282,0
DA:287,0
DA:289,0
DA:290,0
DA:292,0
DA:297,0
DA:298,0
DA:300,0
DA:301,0
DA:302,0
DA:305,0
DA:340,0
DA:342,0
DA:343,0
DA:345,0
DA:350,0
DA:351,0
DA:353,0
DA:354,0
DA:355,0
DA:357,0
DA:359,0
DA:366,0
DA:368,0
DA:369,0
DA:371,0
DA:376,0
DA:377,0
DA:379,0
DA:380,0
DA:381,0
DA:383,0
DA:384,0
DA:390,0
DA:392,0
DA:403,0
DA:405,0
DA:406,0
DA:408,0
DA:413,0
DA:414,0
DA:416,0
DA:417,0
DA:418,0
DA:421,0
DA:445,0
DA:446,0
DA:448,0
DA:451,0
DA:452,0
DA:454,0
DA:455,0
DA:456,0
DA:458,0
DA:463,0
DA:464,0
DA:466,0
DA:467,0
DA:468,0
DA:471,0
DA:504,0
DA:505,0
DA:508,0
DA:510,0
DA:511,0
DA:513,0
DA:518,0
DA:519,0
DA:521,0
DA:522,0
DA:523,0
DA:525,0
DA:527,0
DA:538,0
DA:540,0
DA:541,0
DA:543,0
DA:549,0
DA:550,0
DA:554,0
DA:555,0
DA:559,0
DA:560,0
LF:132
LH:0
BRDA:151,0,0,0
BRDA:151,0,1,0
BRDA:177,1,0,0
BRDA:177,1,1,0
BRDA:183,2,0,0
BRDA:228,3,0,0
BRDA:228,3,1,0
BRDA:259,4,0,0
BRDA:259,4,1,0
BRDA:290,5,0,0
BRDA:290,5,1,0
BRDA:343,6,0,0
BRDA:343,6,1,0
BRDA:359,7,0,0
BRDA:359,7,1,0
BRDA:369,8,0,0
BRDA:369,8,1,0
BRDA:392,9,0,0
BRDA:392,9,1,0
BRDA:406,10,0,0
BRDA:406,10,1,0
BRDA:446,11,0,0
BRDA:446,11,1,0
BRDA:446,11,2,0
BRDA:455,12,0,0
BRDA:455,12,1,0
BRDA:504,13,0,0
BRDA:504,13,1,0
BRDA:511,14,0,0
BRDA:511,14,1,0
BRDA:527,15,0,0
BRDA:527,15,1,0
BRDA:530,16,0,0
BRDA:530,16,1,0
BRDA:531,17,0,0
BRDA:531,17,1,0
BRDA:541,18,0,0
BRDA:541,18,1,0
BRF:38
BRH:0
end_of_record
TN:
SF:store/realtime/index.ts
FNF:0
FNH:0
LF:0
LH:0
BRF:0
BRH:0
end_of_record
TN:
SF:store/realtime/realtime.ts
FN:36,(anonymous_0)
FN:50,(anonymous_1)
FN:51,(anonymous_2)
FN:54,(anonymous_3)
FN:55,(anonymous_4)
FN:65,(anonymous_5)
FN:66,(anonymous_6)
FN:69,(anonymous_7)
FN:70,(anonymous_8)
FN:73,(anonymous_9)
FN:74,(anonymous_10)
FN:80,(anonymous_11)
FN:81,(anonymous_12)
FN:84,(anonymous_13)
FN:85,(anonymous_14)
FN:88,(anonymous_15)
FN:89,(anonymous_16)
FNF:17
FNH:0
FNDA:0,(anonymous_0)
FNDA:0,(anonymous_1)
FNDA:0,(anonymous_2)
FNDA:0,(anonymous_3)
FNDA:0,(anonymous_4)
FNDA:0,(anonymous_5)
FNDA:0,(anonymous_6)
FNDA:0,(anonymous_7)
FNDA:0,(anonymous_8)
FNDA:0,(anonymous_9)
FNDA:0,(anonymous_10)
FNDA:0,(anonymous_11)
FNDA:0,(anonymous_12)
FNDA:0,(anonymous_13)
FNDA:0,(anonymous_14)
FNDA:0,(anonymous_15)
FNDA:0,(anonymous_16)
DA:36,0
DA:51,0
DA:55,0
DA:66,0
DA:70,0
DA:74,0
DA:81,0
DA:85,0
DA:89,0
LF:9
LH:0
BRDA:59,0,0,0
BRDA:59,0,1,0
BRF:2
BRH:0
end_of_record
TN:
SF:store/safety/index.ts
FNF:0
FNH:0
LF:0
LH:0
BRF:0
BRH:0
end_of_record
TN:
SF:store/safety/safety.ts
FN:149,(anonymous_0)
FN:177,(anonymous_1)
FN:179,(anonymous_2)
FN:185,(anonymous_3)
FN:216,(anonymous_4)
FN:236,(anonymous_5)
FN:245,(anonymous_6)
FN:246,(anonymous_7)
FN:263,(anonymous_8)
FN:290,(anonymous_9)
FN:305,(anonymous_10)
FN:313,(anonymous_11)
FN:327,(anonymous_12)
FN:332,(anonymous_13)
FN:341,(anonymous_14)
FN:357,(anonymous_15)
FN:371,(anonymous_16)
FN:379,(anonymous_17)
FN:380,(anonymous_18)
FN:396,(anonymous_19)
FN:410,(anonymous_20)
FN:424,(anonymous_21)
FN:432,(anonymous_22)
FN:433,(anonymous_23)
FN:450,(anonymous_24)
FN:458,(anonymous_25)
FN:459,(anonymous_26)
FN:472,(anonymous_27)
FN:501,(anonymous_28)
FN:510,(anonymous_29)
FN:518,(anonymous_30)
FN:519,(anonymous_31)
FN:536,(anonymous_32)
FN:556,(anonymous_33)
FN:565,(anonymous_34)
FN:573,(anonymous_35)
FN:588,(anonymous_36)
FN:590,(anonymous_37)
FN:593,(anonymous_38)
FN:595,(anonymous_39)
FN:598,(anonymous_40)
FN:600,(anonymous_41)
FNF:42
FNH:0
FNDA:0,(anonymous_0)
FNDA:0,(anonymous_1)
FNDA:0,(anonymous_2)
FNDA:0,(anonymous_3)
FNDA:0,(anonymous_4)
FNDA:0,(anonymous_5)
FNDA:0,(anonymous_6)
FNDA:0,(anonymous_7)
FNDA:0,(anonymous_8)
FNDA:0,(anonymous_9)
FNDA:0,(anonymous_10)
FNDA:0,(anonymous_11)
FNDA:0,(anonymous_12)
FNDA:0,(anonymous_13)
FNDA:0,(anonymous_14)
FNDA:0,(anonymous_15)
FNDA:0,(anonymous_16)
FNDA:0,(anonymous_17)
FNDA:0,(anonymous_18)
FNDA:0,(anonymous_19)
FNDA:0,(anonymous_20)
FNDA:0,(anonymous_21)
FNDA:0,(anonymous_22)
FNDA:0,(anonymous_23)
FNDA:0,(anonymous_24)
FNDA:0,(anonymous_25)
FNDA:0,(anonymous_26)
FNDA:0,(anonymous_27)
FNDA:0,(anonymous_28)
FNDA:0,(anonymous_29)
FNDA:0,(anonymous_30)
FNDA:0,(anonymous_31)
FNDA:0,(anonymous_32)
FNDA:0,(anonymous_33)
FNDA:0,(anonymous_34)
FNDA:0,(anonymous_35)
FNDA:0,(anonymous_36)
FNDA:0,(anonymous_37)
FNDA:0,(anonymous_38)
FNDA:0,(anonymous_39)
FNDA:0,(anonymous_40)
FNDA:0,(anonymous_41)
DA:149,0
DA:178,0
DA:179,0
DA:186,0
DA:187,0
DA:189,0
DA:190,0
DA:191,0
DA:193,0
DA:194,0
DA:203,0
DA:216,0
DA:227,0
DA:229,0
DA:230,0
DA:232,0
DA:237,0
DA:238,0
DA:240,0
DA:241,0
DA:242,0
DA:245,0
DA:247,0
DA:254,0
DA:256,0
DA:257,0
DA:259,0
DA:264,0
DA:265,0
DA:267,0
DA:268,0
DA:269,0
DA:271,0
DA:272,0
DA:275,0
DA:290,0
DA:296,0
DA:298,0
DA:299,0
DA:301,0
DA:306,0
DA:307,0
DA:309,0
DA:310,0
DA:311,0
DA:313,0
DA:318,0
DA:320,0
DA:321,0
DA:323,0
DA:328,0
DA:329,0
DA:331,0
DA:332,0
DA:342,0
DA:343,0
DA:345,0
DA:346,0
DA:347,0
DA:349,0
DA:350,0
DA:357,0
DA:362,0
DA:364,0
DA:365,0
DA:367,0
DA:372,0
DA:373,0
DA:375,0
DA:376,0
DA:377,0
DA:379,0
DA:381,0
DA:387,0
DA:389,0
DA:390,0
DA:392,0
DA:397,0
DA:398,0
DA:400,0
DA:401,0
DA:402,0
DA:404,0
DA:405,0
DA:410,0
DA:415,0
DA:417,0
DA:418,0
DA:420,0
DA:425,0
DA:426,0
DA:428,0
DA:429,0
DA:430,0
DA:432,0
DA:434,0
DA:441,0
DA:443,0
DA:444,0
DA:446,0
DA:451,0
DA:452,0
DA:454,0
DA:455,0
DA:456,0
DA:458,0
DA:459,0
DA:463,0
DA:465,0
DA:466,0
DA:468,0
DA:473,0
DA:474,0
DA:476,0
DA:477,0
DA:478,0
DA:481,0
DA:501,0
DA:503,0
DA:504,0
DA:506,0
DA:511,0
DA:512,0
DA:514,0
DA:515,0
DA:516,0
DA:518,0
DA:520,0
DA:527,0
DA:529,0
DA:530,0
DA:532,0
DA:537,0
DA:538,0
DA:540,0
DA:541,0
DA:542,0
DA:545,0
DA:556,0
DA:558,0
DA:559,0
DA:561,0
DA:566,0
DA:567,0
DA:569,0
DA:570,0
DA:571,0
DA:573,0
DA:578,0
DA:580,0
DA:581,0
DA:583,0
DA:589,0
DA:590,0
DA:594,0
DA:595,0
DA:599,0
DA:600,0
LF:158
LH:0
BRDA:178,0,0,0
BRDA:178,0,1,0
BRDA:181,1,0,0
BRDA:181,1,1,0
BRDA:194,2,0,0
BRDA:194,2,1,0
BRDA:230,3,0,0
BRDA:230,3,1,0
BRDA:247,4,0,0
BRDA:247,4,1,0
BRDA:257,5,0,0
BRDA:257,5,1,0
BRDA:271,6,0,0
BRDA:271,6,1,0
BRDA:276,7,0,0
BRDA:276,7,1,0
BRDA:277,8,0,0
BRDA:277,8,1,0
BRDA:278,9,0,0
BRDA:278,9,1,0
BRDA:279,10,0,0
BRDA:279,10,1,0
BRDA:285,11,0,0
BRDA:285,11,1,0
BRDA:299,12,0,0
BRDA:299,12,1,0
BRDA:321,13,0,0
BRDA:321,13,1,0
BRDA:331,14,0,0
BRDA:331,14,1,0
BRDA:365,15,0,0
BRDA:365,15,1,0
BRDA:381,16,0,0
BRDA:381,16,1,0
BRDA:390,17,0,0
BRDA:390,17,1,0
BRDA:418,18,0,0
BRDA:418,18,1,0
BRDA:434,19,0,0
BRDA:434,19,1,0
BRDA:444,20,0,0
BRDA:444,20,1,0
BRDA:466,21,0,0
BRDA:466,21,1,0
BRDA:504,22,0,0
BRDA:504,22,1,0
BRDA:520,23,0,0
BRDA:520,23,1,0
BRDA:530,24,0,0
BRDA:530,24,1,0
BRDA:559,25,0,0
BRDA:559,25,1,0
BRDA:581,26,0,0
BRDA:581,26,1,0
BRF:54
BRH:0
end_of_record
TN:
SF:store/splash/index.ts
FNF:0
FNH:0
LF:0
LH:0
BRF:0
BRH:0
end_of_record
TN:
SF:store/splash/splash.ts
FN:50,(anonymous_0)
FN:58,(anonymous_1)
FN:74,(anonymous_2)
FN:82,(anonymous_3)
FN:88,(anonymous_4)
FN:100,(anonymous_5)
FN:116,(anonymous_6)
FN:129,(anonymous_7)
FN:136,(anonymous_8)
FN:139,(anonymous_9)
FN:144,(anonymous_10)
FN:147,(anonymous_11)
FN:152,(anonymous_12)
FN:155,(anonymous_13)
FN:164,(anonymous_14)
FN:180,(anonymous_15)
FN:195,(anonymous_16)
FNF:17
FNH:0
FNDA:0,(anonymous_0)
FNDA:0,(anonymous_1)
FNDA:0,(anonymous_2)
FNDA:0,(anonymous_3)
FNDA:0,(anonymous_4)
FNDA:0,(anonymous_5)
FNDA:0,(anonymous_6)
FNDA:0,(anonymous_7)
FNDA:0,(anonymous_8)
FNDA:0,(anonymous_9)
FNDA:0,(anonymous_10)
FNDA:0,(anonymous_11)
FNDA:0,(anonymous_12)
FNDA:0,(anonymous_13)
FNDA:0,(anonymous_14)
FNDA:0,(anonymous_15)
FNDA:0,(anonymous_16)
DA:50,0
DA:59,0
DA:61,0
DA:62,0
DA:65,0
DA:66,0
DA:70,0
DA:71,0
DA:74,0
DA:81,0
DA:82,0
DA:83,0
DA:89,0
DA:91,0
DA:92,0
DA:95,0
DA:98,0
DA:100,0
DA:109,0
DA:117,0
DA:124,0
DA:125,0
DA:128,0
DA:129,0
DA:137,0
DA:139,0
DA:145,0
DA:147,0
DA:153,0
DA:155,0
DA:162,0
DA:167,0
DA:183,0
DA:198,0
LF:34
LH:0
BRDA:65,0,0,0
BRDA:65,0,1,0
BRDA:65,1,0,0
BRDA:65,1,1,0
BRDA:77,2,0,0
BRDA:77,2,1,0
BRDA:81,3,0,0
BRDA:81,3,1,0
BRDA:81,4,0,0
BRDA:81,4,1,0
BRDA:95,5,0,0
BRDA:95,5,1,0
BRDA:95,6,0,0
BRDA:95,6,1,0
BRDA:95,6,2,0
BRDA:98,7,0,0
BRDA:98,7,1,0
BRDA:102,8,0,0
BRDA:102,8,1,0
BRDA:106,9,0,0
BRDA:106,9,1,0
BRDA:106,10,0,0
BRDA:106,10,1,0
BRDA:111,11,0,0
BRDA:111,11,1,0
BRDA:128,12,0,0
BRDA:128,12,1,0
BRDA:128,13,0,0
BRDA:128,13,1,0
BRDA:128,13,2,0
BRDA:130,14,0,0
BRDA:130,14,1,0
BRDA:196,15,0,0
BRDA:201,16,0,0
BRDA:201,16,1,0
BRF:35
BRH:0
end_of_record
TN:
SF:store/ui/index.ts
FNF:0
FNH:0
LF:0
LH:0
BRF:0
BRH:0
end_of_record
TN:
SF:store/ui/ui.ts
FN:175,(anonymous_0)
FN:190,(anonymous_1)
FN:195,(anonymous_2)
FN:198,(anonymous_3)
FN:204,(anonymous_4)
FN:208,(anonymous_5)
FN:212,(anonymous_6)
FN:216,(anonymous_7)
FN:221,(anonymous_8)
FN:224,(anonymous_9)
FN:240,(anonymous_10)
FN:242,(anonymous_11)
FN:244,(anonymous_12)
FN:245,(anonymous_13)
FN:249,(anonymous_14)
FN:252,(anonymous_15)
FN:271,(anonymous_16)
FN:274,(anonymous_17)
FN:292,(anonymous_18)
FN:295,(anonymous_19)
FN:313,(anonymous_20)
FN:316,(anonymous_21)
FN:334,(anonymous_22)
FN:337,(anonymous_23)
FN:352,(anonymous_24)
FN:354,(anonymous_25)
FN:355,(anonymous_26)
FN:362,(anonymous_27)
FN:365,(anonymous_28)
FN:379,(anonymous_29)
FN:381,(anonymous_30)
FN:382,(anonymous_31)
FN:386,(anonymous_32)
FN:388,(anonymous_33)
FN:389,(anonymous_34)
FN:396,(anonymous_35)
FN:399,(anonymous_36)
FN:412,(anonymous_37)
FN:414,(anonymous_38)
FN:415,(anonymous_39)
FN:419,(anonymous_40)
FN:421,(anonymous_41)
FN:422,(anonymous_42)
FN:429,(anonymous_43)
FN:432,(anonymous_44)
FN:446,(anonymous_45)
FN:448,(anonymous_46)
FN:449,(anonymous_47)
FN:453,(anonymous_48)
FN:455,(anonymous_49)
FN:456,(anonymous_50)
FN:463,(anonymous_51)
FN:466,(anonymous_52)
FN:478,(anonymous_53)
FN:480,(anonymous_54)
FN:481,(anonymous_55)
FN:485,(anonymous_56)
FN:487,(anonymous_57)
FN:488,(anonymous_58)
FN:495,(anonymous_59)
FN:498,(anonymous_60)
FN:510,(anonymous_61)
FN:512,(anonymous_62)
FN:513,(anonymous_63)
FN:517,(anonymous_64)
FN:519,(anonymous_65)
FN:520,(anonymous_66)
FN:527,(anonymous_67)
FN:529,(anonymous_68)
FN:530,(anonymous_69)
FN:534,(anonymous_70)
FN:536,(anonymous_71)
FN:541,(anonymous_72)
FN:543,(anonymous_73)
FN:554,(anonymous_74)
FN:556,(anonymous_75)
FNF:76
FNH:0
FNDA:0,(anonymous_0)
FNDA:0,(anonymous_1)
FNDA:0,(anonymous_2)
FNDA:0,(anonymous_3)
FNDA:0,(anonymous_4)
FNDA:0,(anonymous_5)
FNDA:0,(anonymous_6)
FNDA:0,(anonymous_7)
FNDA:0,(anonymous_8)
FNDA:0,(anonymous_9)
FNDA:0,(anonymous_10)
FNDA:0,(anonymous_11)
FNDA:0,(anonymous_12)
FNDA:0,(anonymous_13)
FNDA:0,(anonymous_14)
FNDA:0,(anonymous_15)
FNDA:0,(anonymous_16)
FNDA:0,(anonymous_17)
FNDA:0,(anonymous_18)
FNDA:0,(anonymous_19)
FNDA:0,(anonymous_20)
FNDA:0,(anonymous_21)
FNDA:0,(anonymous_22)
FNDA:0,(anonymous_23)
FNDA:0,(anonymous_24)
FNDA:0,(anonymous_25)
FNDA:0,(anonymous_26)
FNDA:0,(anonymous_27)
FNDA:0,(anonymous_28)
FNDA:0,(anonymous_29)
FNDA:0,(anonymous_30)
FNDA:0,(anonymous_31)
FNDA:0,(anonymous_32)
FNDA:0,(anonymous_33)
FNDA:0,(anonymous_34)
FNDA:0,(anonymous_35)
FNDA:0,(anonymous_36)
FNDA:0,(anonymous_37)
FNDA:0,(anonymous_38)
FNDA:0,(anonymous_39)
FNDA:0,(anonymous_40)
FNDA:0,(anonymous_41)
FNDA:0,(anonymous_42)
FNDA:0,(anonymous_43)
FNDA:0,(anonymous_44)
FNDA:0,(anonymous_45)
FNDA:0,(anonymous_46)
FNDA:0,(anonymous_47)
FNDA:0,(anonymous_48)
FNDA:0,(anonymous_49)
FNDA:0,(anonymous_50)
FNDA:0,(anonymous_51)
FNDA:0,(anonymous_52)
FNDA:0,(anonymous_53)
FNDA:0,(anonymous_54)
FNDA:0,(anonymous_55)
FNDA:0,(anonymous_56)
FNDA:0,(anonymous_57)
FNDA:0,(anonymous_58)
FNDA:0,(anonymous_59)
FNDA:0,(anonymous_60)
FNDA:0,(anonymous_61)
FNDA:0,(anonymous_62)
FNDA:0,(anonymous_63)
FNDA:0,(anonymous_64)
FNDA:0,(anonymous_65)
FNDA:0,(anonymous_66)
FNDA:0,(anonymous_67)
FNDA:0,(anonymous_68)
FNDA:0,(anonymous_69)
FNDA:0,(anonymous_70)
FNDA:0,(anonymous_71)
FNDA:0,(anonymous_72)
FNDA:0,(anonymous_73)
FNDA:0,(anonymous_74)
FNDA:0,(anonymous_75)
DA:175,0
DA:191,0
DA:192,0
DA:193,0
DA:195,0
DA:199,0
DA:200,0
DA:201,0
DA:205,0
DA:206,0
DA:207,0
DA:208,0
DA:209,0
DA:210,0
DA:212,0
DA:215,0
DA:216,0
DA:222,0
DA:223,0
DA:224,0
DA:237,0
DA:241,0
DA:242,0
DA:244,0
DA:245,0
DA:250,0
DA:251,0
DA:252,0
DA:268,0
DA:272,0
DA:273,0
DA:274,0
DA:289,0
DA:293,0
DA:294,0
DA:295,0
DA:310,0
DA:314,0
DA:315,0
DA:316,0
DA:331,0
DA:335,0
DA:336,0
DA:337,0
DA:349,0
DA:353,0
DA:354,0
DA:356,0
DA:363,0
DA:364,0
DA:365,0
DA:376,0
DA:380,0
DA:381,0
DA:382,0
DA:387,0
DA:388,0
DA:390,0
DA:397,0
DA:398,0
DA:399,0
DA:409,0
DA:413,0
DA:414,0
DA:415,0
DA:420,0
DA:421,0
DA:423,0
DA:430,0
DA:431,0
DA:432,0
DA:443,0
DA:447,0
DA:448,0
DA:449,0
DA:454,0
DA:455,0
DA:457,0
DA:464,0
DA:465,0
DA:466,0
DA:475,0
DA:479,0
DA:480,0
DA:481,0
DA:486,0
DA:487,0
DA:489,0
DA:496,0
DA:497,0
DA:498,0
DA:507,0
DA:511,0
DA:512,0
DA:513,0
DA:518,0
DA:519,0
DA:521,0
DA:528,0
DA:529,0
DA:530,0
DA:535,0
DA:536,0
DA:542,0
DA:543,0
DA:555,0
DA:556,0
LF:107
LH:0
BRDA:187,0,0,0
BRDA:187,0,1,0
BRDA:188,1,0,0
BRDA:188,1,1,0
BRDA:191,2,0,0
BRDA:191,2,1,0
BRDA:191,3,0,0
BRDA:191,3,1,0
BRDA:200,4,0,0
BRDA:200,4,1,0
BRDA:207,5,0,0
BRDA:207,5,1,0
BRDA:209,6,0,0
BRDA:209,6,1,0
BRDA:215,7,0,0
BRDA:215,7,1,0
BRDA:221,8,0,0
BRDA:221,9,0,0
BRDA:231,10,0,0
BRDA:231,10,1,0
BRDA:232,11,0,0
BRDA:232,11,1,0
BRDA:243,12,0,0
BRDA:243,12,1,0
BRDA:249,13,0,0
BRDA:259,14,0,0
BRDA:259,14,1,0
BRDA:259,15,0,0
BRDA:259,15,1,0
BRDA:261,16,0,0
BRDA:261,16,1,0
BRDA:262,17,0,0
BRDA:262,17,1,0
BRDA:263,18,0,0
BRDA:263,18,1,0
BRDA:271,19,0,0
BRDA:281,20,0,0
BRDA:281,20,1,0
BRDA:281,21,0,0
BRDA:281,21,1,0
BRDA:282,22,0,0
BRDA:282,22,1,0
BRDA:283,23,0,0
BRDA:283,23,1,0
BRDA:284,24,0,0
BRDA:284,24,1,0
BRDA:292,25,0,0
BRDA:302,26,0,0
BRDA:302,26,1,0
BRDA:302,27,0,0
BRDA:302,27,1,0
BRDA:303,28,0,0
BRDA:303,28,1,0
BRDA:304,29,0,0
BRDA:304,29,1,0
BRDA:305,30,0,0
BRDA:305,30,1,0
BRDA:313,31,0,0
BRDA:323,32,0,0
BRDA:323,32,1,0
BRDA:323,33,0,0
BRDA:323,33,1,0
BRDA:324,34,0,0
BRDA:324,34,1,0
BRDA:325,35,0,0
BRDA:325,35,1,0
BRDA:326,36,0,0
BRDA:326,36,1,0
BRDA:342,37,0,0
BRDA:342,37,1,0
BRDA:343,38,0,0
BRDA:343,38,1,0
BRDA:344,39,0,0
BRDA:344,39,1,0
BRDA:345,40,0,0
BRDA:345,40,1,0
BRDA:346,41,0,0
BRDA:346,41,1,0
BRDA:356,42,0,0
BRDA:356,42,1,0
BRDA:369,43,0,0
BRDA:369,43,1,0
BRDA:370,44,0,0
BRDA:370,44,1,0
BRDA:371,45,0,0
BRDA:371,45,1,0
BRDA:372,46,0,0
BRDA:372,46,1,0
BRDA:373,47,0,0
BRDA:373,47,1,0
BRDA:390,48,0,0
BRDA:390,48,1,0
BRDA:403,49,0,0
BRDA:403,49,1,0
BRDA:404,50,0,0
BRDA:404,50,1,0
BRDA:405,51,0,0
BRDA:405,51,1,0
BRDA:406,52,0,0
BRDA:406,52,1,0
BRDA:423,53,0,0
BRDA:423,53,1,0
BRDA:436,54,0,0
BRDA:436,54,1,0
BRDA:437,55,0,0
BRDA:437,55,1,0
BRDA:438,56,0,0
BRDA:438,56,1,0
BRDA:439,57,0,0
BRDA:439,57,1,0
BRDA:440,58,0,0
BRDA:440,58,1,0
BRDA:457,59,0,0
BRDA:457,59,1,0
BRDA:470,60,0,0
BRDA:470,60,1,0
BRDA:471,61,0,0
BRDA:471,61,1,0
BRDA:472,62,0,0
BRDA:472,62,1,0
BRDA:489,63,0,0
BRDA:489,63,1,0
BRDA:502,64,0,0
BRDA:502,64,1,0
BRDA:503,65,0,0
BRDA:503,65,1,0
BRDA:504,66,0,0
BRDA:504,66,1,0
BRDA:521,67,0,0
BRDA:521,67,1,0
BRDA:554,68,0,0
BRF:131
BRH:0
end_of_record
TN:
SF:store/user/index.ts
FNF:0
FNH:0
LF:0
LH:0
BRF:0
BRH:0
end_of_record
TN:
SF:store/user/user.ts
FN:30,(anonymous_0)
FN:36,(anonymous_1)
FN:38,(anonymous_2)
FN:45,(anonymous_3)
FN:47,(anonymous_4)
FN:53,(anonymous_5)
FN:55,(anonymous_6)
FN:58,(anonymous_7)
FN:60,(anonymous_8)
FN:63,(anonymous_9)
FN:65,(anonymous_10)
FN:68,(anonymous_11)
FN:70,(anonymous_12)
FN:78,(anonymous_13)
FN:111,(anonymous_14)
FN:111,(anonymous_15)
FN:112,(anonymous_16)
FN:112,(anonymous_17)
FN:113,(anonymous_18)
FN:113,(anonymous_19)
FN:114,(anonymous_20)
FN:114,(anonymous_21)
FN:115,(anonymous_22)
FN:115,(anonymous_23)
FN:116,(anonymous_24)
FN:116,(anonymous_25)
FN:117,(anonymous_26)
FN:117,(anonymous_27)
FN:120,(anonymous_28)
FN:120,(anonymous_29)
FN:126,(anonymous_30)
FN:126,(anonymous_31)
FN:133,(anonymous_32)
FN:133,(anonymous_33)
FN:138,(anonymous_34)
FN:138,(anonymous_35)
FN:144,(anonymous_36)
FN:144,(anonymous_37)
FNF:38
FNH:0
FNDA:0,(anonymous_0)
FNDA:0,(anonymous_1)
FNDA:0,(anonymous_2)
FNDA:0,(anonymous_3)
FNDA:0,(anonymous_4)
FNDA:0,(anonymous_5)
FNDA:0,(anonymous_6)
FNDA:0,(anonymous_7)
FNDA:0,(anonymous_8)
FNDA:0,(anonymous_9)
FNDA:0,(anonymous_10)
FNDA:0,(anonymous_11)
FNDA:0,(anonymous_12)
FNDA:0,(anonymous_13)
FNDA:0,(anonymous_14)
FNDA:0,(anonymous_15)
FNDA:0,(anonymous_16)
FNDA:0,(anonymous_17)
FNDA:0,(anonymous_18)
FNDA:0,(anonymous_19)
FNDA:0,(anonymous_20)
FNDA:0,(anonymous_21)
FNDA:0,(anonymous_22)
FNDA:0,(anonymous_23)
FNDA:0,(anonymous_24)
FNDA:0,(anonymous_25)
FNDA:0,(anonymous_26)
FNDA:0,(anonymous_27)
FNDA:0,(anonymous_28)
FNDA:0,(anonymous_29)
FNDA:0,(anonymous_30)
FNDA:0,(anonymous_31)
FNDA:0,(anonymous_32)
FNDA:0,(anonymous_33)
FNDA:0,(anonymous_34)
FNDA:0,(anonymous_35)
FNDA:0,(anonymous_36)
FNDA:0,(anonymous_37)
DA:30,0
DA:37,0
DA:38,0
DA:46,0
DA:47,0
DA:54,0
DA:55,0
DA:59,0
DA:60,0
DA:64,0
DA:65,0
DA:69,0
DA:70,0
DA:79,0
DA:80,0
DA:82,0
DA:83,0
DA:84,0
DA:87,0
DA:88,0
DA:90,0
DA:91,0
DA:92,0
DA:94,0
DA:95,0
DA:96,0
DA:99,0
DA:100,0
DA:101,0
DA:103,0
DA:111,0
DA:112,0
DA:113,0
DA:114,0
DA:115,0
DA:116,0
DA:117,0
DA:120,0
DA:126,0
DA:133,0
DA:134,0
DA:135,0
DA:138,0
DA:139,0
DA:140,0
DA:144,0
LF:46
LH:0
BRDA:48,0,0,0
BRDA:48,0,1,0
BRDA:90,1,0,0
BRDA:90,1,1,0
BRDA:90,2,0,0
BRDA:90,2,1,0
BRDA:95,3,0,0
BRDA:95,3,1,0
BRDA:100,4,0,0
BRDA:100,4,1,0
BRDA:135,5,0,0
BRDA:135,5,1,0
BRDA:135,5,2,0
BRDA:140,6,0,0
BRDA:140,6,1,0
BRDA:140,6,2,0
BRF:16
BRH:0
end_of_record
TN:
SF:store/vehicleTiers/index.ts
FNF:0
FNH:0
LF:0
LH:0
BRF:0
BRH:0
end_of_record
TN:
SF:store/vehicleTiers/vehicleTiers.ts
FN:37,(anonymous_0)
FN:42,(anonymous_1)
FN:72,(anonymous_2)
FN:100,(anonymous_3)
FN:176,(anonymous_4)
FN:186,(anonymous_5)
FNF:6
FNH:0
FNDA:0,(anonymous_0)
FNDA:0,(anonymous_1)
FNDA:0,(anonymous_2)
FNDA:0,(anonymous_3)
FNDA:0,(anonymous_4)
FNDA:0,(anonymous_5)
DA:35,0
DA:37,0
DA:43,0
DA:44,0
DA:53,0
DA:55,0
DA:57,0
DA:58,0
DA:60,0
DA:64,0
DA:65,0
DA:67,0
DA:68,0
DA:73,0
DA:74,0
DA:75,0
DA:76,0
DA:78,0
DA:79,0
DA:80,0
DA:87,0
DA:88,0
DA:90,0
DA:91,0
DA:94,0
DA:95,0
DA:96,0
DA:101,0
DA:102,0
DA:103,0
DA:106,0
DA:107,0
DA:109,0
DA:110,0
DA:113,0
DA:114,0
DA:116,0
DA:124,0
DA:125,0
DA:127,0
DA:128,0
DA:131,0
DA:132,0
DA:133,0
DA:134,0
DA:135,0
DA:136,0
DA:138,0
DA:139,0
DA:140,0
DA:141,0
DA:142,0
DA:145,0
DA:150,0
DA:157,0
DA:158,0
DA:159,0
DA:161,0
DA:162,0
DA:163,0
DA:164,0
DA:167,0
DA:168,0
DA:172,0
DA:177,0
DA:178,0
DA:179,0
DA:180,0
DA:182,0
DA:187,0
DA:188,0
DA:189,0
DA:190,0
DA:192,0
LF:74
LH:0
BRDA:45,0,0,0
BRDA:45,0,1,0
BRDA:46,1,0,0
BRDA:46,1,1,0
BRDA:53,2,0,0
BRDA:53,2,1,0
BRDA:53,2,2,0
BRDA:53,2,3,0
BRDA:55,3,0,0
BRDA:55,3,1,0
BRDA:78,4,0,0
BRDA:78,4,1,0
BRDA:81,5,0,0
BRDA:81,5,1,0
BRDA:82,6,0,0
BRDA:82,6,1,0
BRDA:109,7,0,0
BRDA:109,7,1,0
BRDA:127,8,0,0
BRDA:127,8,1,0
BRDA:138,9,0,0
BRDA:138,9,1,0
BRDA:138,10,0,0
BRDA:138,10,1,0
BRDA:138,10,2,0
BRDA:146,11,0,0
BRDA:146,11,1,0
BRDA:147,12,0,0
BRDA:147,12,1,0
BRDA:163,13,0,0
BRDA:163,13,1,0
BRDA:169,14,0,0
BRDA:169,14,1,0
BRF:33
BRH:0
end_of_record
